[2023-05-08 06:23:54] Admin: 7.62|kao|Cryingdevilz (Sidelev) | Command: mute | Target Player: 7.62|kao|Cryingdevilz (Sidelev) | Duration: 300
[2023-05-08 06:23:58] Admin: 7.62|kao|Cryingdevilz (Sidelev) | Command: unmute | Target Player: 7.62|kao|Cryingdevilz (Sidelev)
[2023-05-08 06:56:07] Admin: 7.62|kao|Cryingdevilz (Sidelev) | Command: givecar | Target Player: 7.62|kao|Cryingdevilz (Sidelev) | Car name: tunerc_zr350
[2023-05-08 07:39:06] Admin: 7.62|kao|Cryingdevilz (Sidelev) | Command: givemoney | Target Player: oira (oira) | Amount: 900000
[2023-05-08 15:22:26] Admin: 7.62|kao|Cryingdevilz (Sidelev) | Command: givemoney | Target Player: sfsc.460exizwright' (playahater) | Amount: 50000
[2023-05-08 21:10:26] Admin: 7.62|kao|Cryingdevilz (Sidelev) | Command: settime | Time: 12:0
[2023-05-08 22:19:52] Admin: 7.62|kao|Cryingdevilz (Sidelev) | Command: givemoney | Target Player: #000000s1ncere (Vladosek) | Amount: 2000
[2023-05-09 06:20:10] Admin: 7.62|kao|Cryingdevilz (Sidelev) | Command: givecar | Target Player: 7.62|kao|Cryingdevilz (Sidelev) | Car name: tunerc_club
[2023-05-09 07:16:31] Admin: 7.62|kao|Cryingdevilz (Sidelev) | Command: givecar | Target Player: 7.62|kao|Cryingdevilz (Sidelev) | Car name: tunerc_club
[2023-05-09 18:25:41] Admin: 7.62|kao|Cryingdevilz (Sidelev) | Command: givemoney | Target Player: trc.#7FFFD4sheeeshken (sheeeshka) | Amount: 38000
[2023-05-09 20:46:45] Admin: 7.62|kao|Cryingdevilz (Sidelev) | Command: mute | Target Player: trc.#7FFFD4sheeeshken (sheeeshka) | Duration: 300
[2023-05-09 20:46:49] Admin: 7.62|kao|Cryingdevilz (Sidelev) | Command: mute | Target Player: sscp.#732654Yvng_$lxth (TEARZER) | Duration: 300
[2023-05-09 21:15:23] Admin: 7.62|kao|Cryingdevilz (Sidelev) | Command: givecar | Target Player: 7.62|kao|Cryingdevilz (Sidelev) | Car name: tunerc_club
[2023-05-10 20:42:34] Admin: 7.62|kao|Cryingdevilz (Sidelev) | Command: givemoney | Target Player: Defff (Defff) | Amount: 3000
[2023-05-10 20:43:12] Admin: 7.62|kao|Cryingdevilz (Sidelev) | Command: givemoney | Target Player: Rayy (Ray) | Amount: 1300
[2023-05-10 20:43:43] Admin: 7.62|kao|Cryingdevilz (Sidelev) | Command: givemoney | Target Player: panacea.#176ff3nisher (n1sher) | Amount: 1200
[2023-05-10 21:14:10] Admin: 7.62|kao|Cryingdevilz (Sidelev) | Command: givemoney | Target Player: PrivateArtichokes33 (nowyoudead) | Amount: 500
[2023-05-10 21:14:17] Admin: 7.62|kao|Cryingdevilz (Sidelev) | Command: givemoney | Target Player: carterch1k (carterch1k) | Amount: 500
[2023-05-11 04:12:48] Admin: 7.62|kao|Cryingdevilz (Sidelev) | Command: givecar | Target Player: 7.62|kao|Cryingdevilz (Sidelev) | Car name: tunerc_banshee
[2023-05-12 13:17:42] Admin: 7.62|kao|Cryingdevilz (Sidelev) | Command: givemoney | Target Player: trc.suthe#ffccccbgtwta (suthebgtwta) | Amount: 9000
[2023-05-14 14:46:28] Admin: 7.62|kao|Cryingdevilz (Sidelev) | Command: givemoney | Target Player: trc.#7FFFD4sheeeshken (sheeeshka) | Amount: 21000
[2023-05-14 16:16:29] Admin: 7.62|kao|Cryingdevilz (Sidelev) | Command: givecar | Target Player: 7.62|kao|Cryingdevilz (Sidelev) | Car name: tunerc_sanchez
[2023-05-14 16:33:20] Admin: 7.62|kao|Cryingdevilz (Sidelev) | Command: removecar | Target Player: 7.62|kao|Cryingdevilz (Sidelev) | Car id: 302
[2023-05-14 16:38:23] Admin: 7.62|kao|Cryingdevilz (Sidelev) | Command: givecar | Target Player: 7.62|kao|Cryingdevilz (Sidelev) | Car name: tunerc_blazer
[2023-05-15 21:57:14] Admin: 7.62|kao|Cryingdevilz (Sidelev) | Command: givecar | Target Player: 7.62|kao|Cryingdevilz (Sidelev) | Car name: tunerc_buffalo
[2023-05-15 22:19:37] Admin: 7.62|kao|Cryingdevilz (Sidelev) | Command: givecar | Target Player: 7.62|kao|Cryingdevilz (Sidelev) | Car name: tunerc_jester
[2023-05-15 22:22:54] Admin: 7.62|kao|Cryingdevilz (Sidelev) | Command: givecar | Target Player: 7.62|kao|Cryingdevilz (Sidelev) | Car name: tunerc_sentinel
[2023-05-17 13:46:55] Admin: 7.62|kao|Cryingdevilz (Sidelev) | Command: givecar | Target Player: 7.62|kao|Cryingdevilz (Sidelev) | Car name: tunerc_zr350
[2023-05-17 13:50:23] Admin: 7.62|kao|Cryingdevilz (Sidelev) | Command: givecar | Target Player: 7.62|kao|Cryingdevilz (Sidelev) | Car name: tunerc_bravura
[2023-05-17 14:02:11] Admin: 7.62|kao|Cryingdevilz (Sidelev) | Command: givecar | Target Player: 7.62|kao|Cryingdevilz (Sidelev) | Car name: tunerc_sentinel
[2023-05-17 14:44:54] Admin: 7.62|kao|Cryingdevilz (Sidelev) | Command: givemoney | Target Player: trc.#7FFFD4sheeeshken (sheeeshka) | Amount: 18000
[2023-05-17 15:00:32] Admin: 7.62|kao|Cryingdevilz (Sidelev) | Command: givecar | Target Player: trc.suthe#ffccccbgtwta (suthebgtwta) | Car name: tunerc_club
[2023-05-17 15:00:36] Admin: 7.62|kao|Cryingdevilz (Sidelev) | Command: givemoney | Target Player: trc.suthe#ffccccbgtwta (suthebgtwta) | Amount: 3000
[2023-05-17 23:14:41] Admin: 7.62|kao|Cryingdevilz (Sidelev) | Command: givemoney | Target Player: suicidelexus (suicidelexus) | Amount: 500
[2023-05-18 14:21:21] Admin: 7.62|kao|Cryingdevilz (Sidelev) | Command: mute | Target Player: bavar!klad228 (klad1337) | Duration: 1800
[2023-05-18 14:21:29] Admin: 7.62|kao|Cryingdevilz (Sidelev) | Command: mute | Target Player: 2poi~bavarBlackSide (bavar-BlackSide) | Duration: 1800
[2023-05-18 14:27:28] Admin: 7.62|kao|Cryingdevilz (Sidelev) | Command: unmute | Target Player: bavar!klad228 (klad1337)
[2023-05-18 14:27:30] Admin: 7.62|kao|Cryingdevilz (Sidelev) | Command: unmute | Target Player: 2poi~bavarBlackSide (bavar-BlackSide)
[2023-05-19 13:49:53] Admin: 7.62|kao|Cryingdevilz (Sidelev) | Command: givecar | Target Player: 7.62|kao|Cryingdevilz (Sidelev) | Car name: tunerc_banshee
[2023-05-19 23:05:51] Admin: 7.62|kao|Cryingdevilz (Sidelev) | Command: mute | Target Player: 7.62|kao|Cryingdevilz (Sidelev) | Duration: 300
[2023-05-19 23:05:57] Admin: 7.62|kao|Cryingdevilz (Sidelev) | Command: unmute | Target Player: 7.62|kao|Cryingdevilz (Sidelev)
[2023-05-19 23:06:46] Admin: 7.62|kao|Cryingdevilz (Sidelev) | Command: mute | Target Player: 7.62|kao|Cryingdevilz (Sidelev) | Duration: 300
[2023-05-19 23:06:48] Admin: 7.62|kao|Cryingdevilz (Sidelev) | Command: unmute | Target Player: 7.62|kao|Cryingdevilz (Sidelev)
[2023-05-20 02:56:31] Admin: 7.62|kao|Cryingdevilz (Sidelev) | Command: mute | Target Player: 7.62|kao|Cryingdevilz (Sidelev) | Duration: 300
[2023-05-20 02:56:34] Admin: 7.62|kao|Cryingdevilz (Sidelev) | Command: unmute | Target Player: 7.62|kao|Cryingdevilz (Sidelev)
[2023-05-20 02:59:28] Admin: 7.62|kao|Cryingdevilz (Sidelev) | Command: mute | Target Player: 7.62|kao|Cryingdevilz (Sidelev) | Duration: 3600
[2023-05-20 02:59:30] Admin: 7.62|kao|Cryingdevilz (Sidelev) | Command: unmute | Target Player: 7.62|kao|Cryingdevilz (Sidelev)
[2023-05-20 03:01:44] Admin: 7.62|kao|Cryingdevilz (Sidelev) | Command: mute | Target Player: 7.62|kao|Cryingdevilz (Sidelev) | Duration: 300
[2023-05-20 03:03:56] Admin: 7.62|kao|Cryingdevilz (Sidelev) | Command: unmute | Target Player: 7.62|kao|Cryingdevilz (Sidelev)
[2023-05-20 03:04:00] Admin: 7.62|kao|Cryingdevilz (Sidelev) | Command: mute | Target Player: 7.62|kao|Cryingdevilz (Sidelev) | Duration: 300
[2023-05-20 03:04:58] Admin: 7.62|kao|Cryingdevilz (Sidelev) | Command: unmute | Target Player: 7.62|kao|Cryingdevilz (Sidelev)
[2023-05-20 03:05:05] Admin: 7.62|kao|Cryingdevilz (Sidelev) | Command: mute | Target Player: 7.62|kao|Cryingdevilz (Sidelev) | Duration: 30
[2023-05-20 03:05:08] Admin: 7.62|kao|Cryingdevilz (Sidelev) | Command: unmute | Target Player: 7.62|kao|Cryingdevilz (Sidelev)
[2023-05-20 03:05:13] Admin: 7.62|kao|Cryingdevilz (Sidelev) | Command: mute | Target Player: 7.62|kao|Cryingdevilz (Sidelev) | Duration: 300
[2023-05-20 03:07:12] Admin: 7.62|kao|Cryingdevilz (Sidelev) | Command: unmute | Target Player: 7.62|kao|Cryingdevilz (Sidelev)
[2023-05-20 03:08:38] Admin: 7.62|kao|Cryingdevilz (Sidelev) | Command: mute | Target Player: 7.62|kao|Cryingdevilz (Sidelev) | Duration: 30
[2023-05-20 03:08:40] Admin: 7.62|kao|Cryingdevilz (Sidelev) | Command: unmute | Target Player: 7.62|kao|Cryingdevilz (Sidelev)
[2023-05-20 03:08:43] Admin: 7.62|kao|Cryingdevilz (Sidelev) | Command: mute | Target Player: 7.62|kao|Cryingdevilz (Sidelev) | Duration: 300
[2023-05-20 03:08:45] Admin: 7.62|kao|Cryingdevilz (Sidelev) | Command: unmute | Target Player: 7.62|kao|Cryingdevilz (Sidelev)
[2023-05-20 03:12:49] Admin: 7.62|kao|Cryingdevilz (Sidelev) | Command: mute | Target Player: 7.62|kao|Cryingdevilz (Sidelev) | Duration: 18
[2023-05-20 03:13:14] Admin: 7.62|kao|Cryingdevilz (Sidelev) | Command: unmute | Target Player: 7.62|kao|Cryingdevilz (Sidelev)
[2023-05-20 03:13:17] Admin: 7.62|kao|Cryingdevilz (Sidelev) | Command: mute | Target Player: 7.62|kao|Cryingdevilz (Sidelev) | Duration: 1080
[2023-05-20 03:13:29] Admin: 7.62|kao|Cryingdevilz (Sidelev) | Command: unmute | Target Player: 7.62|kao|Cryingdevilz (Sidelev)
[2023-05-20 03:13:35] Admin: 7.62|kao|Cryingdevilz (Sidelev) | Command: mute | Target Player: 7.62|kao|Cryingdevilz (Sidelev) | Duration: 1080
[2023-05-20 03:13:39] Admin: 7.62|kao|Cryingdevilz (Sidelev) | Command: unmute | Target Player: 7.62|kao|Cryingdevilz (Sidelev)
[2023-05-20 03:14:24] Admin: 7.62|kao|Cryingdevilz (Sidelev) | Command: mute | Target Player: 7.62|kao|Cryingdevilz (Sidelev) | Duration: 18
[2023-05-20 03:14:26] Admin: 7.62|kao|Cryingdevilz (Sidelev) | Command: unmute | Target Player: 7.62|kao|Cryingdevilz (Sidelev)
[2023-05-20 03:14:51] Admin: 7.62|kao|Cryingdevilz (Sidelev) | Command: mute | Target Player: 7.62|kao|Cryingdevilz (Sidelev) | Duration: 18
[2023-05-20 03:14:55] Admin: 7.62|kao|Cryingdevilz (Sidelev) | Command: unmute | Target Player: 7.62|kao|Cryingdevilz (Sidelev)
[2023-05-20 03:14:59] Admin: 7.62|kao|Cryingdevilz (Sidelev) | Command: mute | Target Player: 7.62|kao|Cryingdevilz (Sidelev) | Duration: 18
[2023-05-20 03:17:02] Admin: 7.62|kao|Cryingdevilz (Sidelev) | Command: mute | Target Player: 7.62|kao|Cryingdevilz (Sidelev) | Duration: 18
[2023-05-20 03:17:04] Admin: 7.62|kao|Cryingdevilz (Sidelev) | Command: unmute | Target Player: 7.62|kao|Cryingdevilz (Sidelev)
[2023-05-20 03:17:08] Admin: 7.62|kao|Cryingdevilz (Sidelev) | Command: mute | Target Player: 7.62|kao|Cryingdevilz (Sidelev) | Duration: 18
[2023-05-20 03:17:10] Admin: 7.62|kao|Cryingdevilz (Sidelev) | Command: unmute | Target Player: 7.62|kao|Cryingdevilz (Sidelev)
[2023-05-20 03:17:57] Admin: 7.62|kao|Cryingdevilz (Sidelev) | Command: mute | Target Player: 7.62|kao|Cryingdevilz (Sidelev) | Duration: 18
[2023-05-20 03:19:31] Admin: 7.62|kao|Cryingdevilz (Sidelev) | Command: unmute | Target Player: 7.62|kao|Cryingdevilz (Sidelev)
[2023-05-20 03:19:33] Admin: 7.62|kao|Cryingdevilz (Sidelev) | Command: unmute | Target Player: 7.62|kao|Cryingdevilz (Sidelev)
[2023-05-20 03:19:35] Admin: 7.62|kao|Cryingdevilz (Sidelev) | Command: unmute | Target Player: 7.62|kao|Cryingdevilz (Sidelev)
[2023-05-20 03:19:37] Admin: 7.62|kao|Cryingdevilz (Sidelev) | Command: unmute | Target Player: 7.62|kao|Cryingdevilz (Sidelev)
[2023-05-20 03:19:43] Admin: 7.62|kao|Cryingdevilz (Sidelev) | Command: unmute | Target Player: 7.62|kao|Cryingdevilz (Sidelev)
[2023-05-20 03:19:45] Admin: 7.62|kao|Cryingdevilz (Sidelev) | Command: unmute | Target Player: 7.62|kao|Cryingdevilz (Sidelev)
[2023-05-20 03:19:47] Admin: 7.62|kao|Cryingdevilz (Sidelev) | Command: unmute | Target Player: 7.62|kao|Cryingdevilz (Sidelev)
[2023-05-20 03:19:58] Admin: 7.62|kao|Cryingdevilz (Sidelev) | Command: unmute | Target Player: 7.62|kao|Cryingdevilz (Sidelev)
[2023-05-20 03:19:59] Admin: 7.62|kao|Cryingdevilz (Sidelev) | Command: unmute | Target Player: 7.62|kao|Cryingdevilz (Sidelev)
[2023-05-20 03:20:17] Admin: 7.62|kao|Cryingdevilz (Sidelev) | Command: unmute | Target Player: 7.62|kao|Cryingdevilz (Sidelev)
[2023-05-20 03:20:30] Admin: 7.62|kao|Cryingdevilz (Sidelev) | Command: unmute | Target Player: 7.62|kao|Cryingdevilz (Sidelev)
[2023-05-20 03:20:48] Admin: 7.62|kao|Cryingdevilz (Sidelev) | Command: unmute | Target Player: 7.62|kao|Cryingdevilz (Sidelev)
[2023-05-20 03:21:09] Admin: 7.62|kao|Cryingdevilz (Sidelev) | Command: unmute | Target Player: 7.62|kao|Cryingdevilz (Sidelev)
[2023-05-20 03:21:11] Admin: 7.62|kao|Cryingdevilz (Sidelev) | Command: unmute | Target Player: 7.62|kao|Cryingdevilz (Sidelev)
[2023-05-20 03:21:36] Admin: 7.62|kao|Cryingdevilz (Sidelev) | Command: mute | Target Player: 7.62|kao|Cryingdevilz (Sidelev) | Duration: 300
[2023-05-20 03:21:38] Admin: 7.62|kao|Cryingdevilz (Sidelev) | Command: unmute | Target Player: 7.62|kao|Cryingdevilz (Sidelev)
[2023-05-20 12:32:11] Admin: 7.62|kao|Cryingdevilz (Sidelev) | Command: mute | Target Player: 7.62|kao|Cryingdevilz (Sidelev) | Duration: 300
[2023-05-20 12:32:13] Admin: 7.62|kao|Cryingdevilz (Sidelev) | Command: unmute | Target Player: 7.62|kao|Cryingdevilz (Sidelev)
[2023-05-20 12:37:03] Admin: 7.62|kao|Cryingdevilz (Sidelev) | Command: mute | Target Player: trc.#7FFFD4sheeeshken (sheeeshka) | Duration: 300
[2023-05-20 12:37:06] Admin: 7.62|kao|Cryingdevilz (Sidelev) | Command: unmute | Target Player: trc.#7FFFD4sheeeshken (sheeeshka)
[2023-05-20 12:51:55] Admin: 7.62|kao|Cryingdevilz (Sidelev) | Command: mute | Target Player: trc.#7FFFD4sheeeshken (sheeeshka) | Duration: 300
[2023-05-20 12:51:57] Admin: 7.62|kao|Cryingdevilz (Sidelev) | Command: unmute | Target Player: trc.#7FFFD4sheeeshken (sheeeshka)
[2023-05-20 13:20:41] Admin: 7.62|kao|Cryingdevilz (Sidelev) | Command: mute | Target Player: 7.62|kao|Cryingdevilz (Sidelev) | Duration: 300 | Reason: 
[2023-05-20 13:20:43] Admin: 7.62|kao|Cryingdevilz (Sidelev) | Command: unmute | Target Player: 7.62|kao|Cryingdevilz (Sidelev)
[2023-05-20 13:20:53] Admin: 7.62|kao|Cryingdevilz (Sidelev) | Command: mute | Target Player: 7.62|kao|Cryingdevilz (Sidelev) | Duration: 393900 | Reason: еблан
[2023-05-20 13:20:56] Admin: 7.62|kao|Cryingdevilz (Sidelev) | Command: unmute | Target Player: 7.62|kao|Cryingdevilz (Sidelev)
[2023-05-20 13:25:22] Admin: 7.62|kao|Cryingdevilz (Sidelev) | Command: mute | Target Player: 7.62|kao|Cryingdevilz (Sidelev) | Duration: 3900 | Reason: еблан
[2023-05-20 13:25:25] Admin: 7.62|kao|Cryingdevilz (Sidelev) | Command: unmute | Target Player: 7.62|kao|Cryingdevilz (Sidelev)
[2023-05-20 13:36:21] Admin: 7.62|kao|Cryingdevilz (Sidelev) | Command: mute | Target Player: 7.62|kao|Cryingdevilz (Sidelev) | Duration: 60 | Reason: еблан
[2023-05-20 13:36:23] Admin: 7.62|kao|Cryingdevilz (Sidelev) | Command: unmute | Target Player: 7.62|kao|Cryingdevilz (Sidelev)
[2023-05-20 13:36:33] Admin: 7.62|kao|Cryingdevilz (Sidelev) | Command: mute | Target Player: 7.62|kao|Cryingdevilz (Sidelev) | Duration: 30 | Reason: еблан
[2023-05-20 13:36:36] Admin: 7.62|kao|Cryingdevilz (Sidelev) | Command: unmute | Target Player: 7.62|kao|Cryingdevilz (Sidelev)
[2023-05-21 11:56:24] Admin: 7.62|kao|Cryingdevilz (Sidelev) | Command: givecar | Target Player: 7.62|kao|Cryingdevilz (Sidelev) | Car name: tunerc_banshee
[2023-05-21 21:16:01] Admin: 7.62|kao|Cryingdevilz (Sidelev) | Command: givemoney | Target Player: #ffffffinfarct. (horoshiy) | Amount: 2000
[2023-05-22 16:16:03] Admin: 7.62|kao|Cryingdevilz (Sidelev) | Command: givemoney | Target Player: panacea.#CCCFFFchelsea (mephedrone) | Amount: 2000
[2023-05-23 00:33:33] Admin: 7.62|kao|SmokingDevilz (Sidelev) | Command: givecar | Target Player: 7.62|kao|SmokingDevilz (Sidelev) | Car name: tunerc_bravura
[2023-05-24 08:56:23] Admin: 7.62|kao|SmokingDevilz (Sidelev) | Command: givecar | Target Player: 7.62|kao|SmokingDevilz (Sidelev) | Car name: tunerc_jester
[2023-05-24 17:12:50] Admin: 7.62|kao|SmokingDevilz (Sidelev) | Command: givecar | Target Player: 7.62|kao|SmokingDevilz (Sidelev) | Car name: tunerc_burrito
[2023-05-24 17:14:25] Admin: 7.62|kao|SmokingDevilz (Sidelev) | Command: givemoney | Target Player: trc.#2E8B57sheeeshken (sheeeshka) | Amount: 2000
[2023-05-24 17:15:45] Admin: 7.62|kao|SmokingDevilz (Sidelev) | Command: givemoney | Target Player: trc.#2E8B57sheeeshken (sheeeshka) | Amount: 10000
[2023-05-24 19:55:41] Admin: 7.62|kao|SmokingDevilz (Sidelev) | Command: givemoney | Target Player: #ffba00pipa (pipa) | Amount: 1000
[2023-05-24 19:55:55] Admin: 7.62|kao|SmokingDevilz (Sidelev) | Command: givemoney | Target Player: Youko. (ilovemyexdeck) | Amount: 250
[2023-05-25 02:18:19] Admin: 7.62|kao|SmokingDevilz (Sidelev) | Command: givecar | Target Player: 7.62|kao|SmokingDevilz (Sidelev) | Car name: tunerc_club
[2023-05-25 02:25:22] Admin: 7.62|kao|SmokingDevilz (Sidelev) | Command: givecar | Target Player: 7.62|kao|SmokingDevilz (Sidelev) | Car name: tunerc_buffalo
[2023-05-25 02:26:49] Admin: 7.62|kao|SmokingDevilz (Sidelev) | Command: givecar | Target Player: 7.62|kao|SmokingDevilz (Sidelev) | Car name: tunerc_buffalo
[2023-05-25 12:39:07] Admin: 7.62|kao|SmokingDevilz (Sidelev) | Command: givemoney | Target Player: panacea.#CCCFFFchelsea (mephedrone) | Amount: 30000
[2023-05-25 13:40:43] Admin: 7.62|kao|SmokingDevilz (Sidelev) | Command: givemoney | Target Player: trc.#2E8B57sheeeshken (sheeeshka) | Amount: 80000
[2023-05-25 13:46:21] Admin: 7.62|kao|SmokingDevilz (Sidelev) | Command: givemoney | Target Player: panacea.#CCCFFFchelsea (mephedrone) | Amount: 50000
[2023-05-25 13:59:55] Admin: trc.#2E8B57sheeeshken (sheeeshka) | Command: givemoney | Target Player: trc.#2E8B57sheeeshken (sheeeshka) | Amount: 100000
[2023-05-25 14:00:05] Admin: trc.#2E8B57sheeeshken (sheeeshka) | Command: givemoney | Target Player: trc.#2E8B57sheeeshken (sheeeshka) | Amount: 500000
[2023-05-25 14:00:38] Admin: trc.#2E8B57sheeeshken (sheeeshka) | Command: givemoney | Target Player: trc.suthe#ffccccbgtwta (suthebgtwta) | Amount: 10000000
[2023-05-25 14:00:50] Admin: trc.#2E8B57sheeeshken (sheeeshka) | Command: givemoney | Target Player: trc.#2E8B57sheeeshken (sheeeshka) | Amount: 100000000
[2023-05-25 14:04:26] Admin: trc.#2E8B57sheeeshken (sheeeshka) | Command: givexp | Target Player: trc.suthe#ffccccbgtwta (suthebgtwta) | Amount: 100000
[2023-05-25 14:04:51] Admin: trc.#2E8B57sheeeshken (sheeeshka) | Command: givemoney | Target Player: trc.#2E8B57sheeeshken (sheeeshka) | Amount: 100000000
[2023-05-25 14:05:13] Admin: trc.#2E8B57sheeeshken (sheeeshka) | Command: givemoney | Target Player: trc.#2E8B57sheeeshken (sheeeshka) | Amount: 999999999
[2023-05-25 14:08:58] Admin: trc.#2E8B57sheeeshken (sheeeshka) | Command: givemoney | Target Player: trc.#2E8B57sheeeshken (sheeeshka) | Amount: 1.1111111111111e+19
[2023-05-25 15:05:43] Admin: trc.#2E8B57sheeeshken (sheeeshka) | Command: givemoney | Target Player: trc.#2E8B57sheeeshken (sheeeshka) | Amount: 1.1111111111111e+16
[2023-05-25 15:05:52] Admin: trc.#2E8B57sheeeshken (sheeeshka) | Command: givemoney | Target Player: trc.#2E8B57sheeeshken (sheeeshka) | Amount: 1e+19
[2023-05-25 15:17:51] Admin: trc.#2E8B57sheeeshken (sheeeshka) | Command: givemoney | Target Player: trc.#2E8B57sheeeshken (sheeeshka) | Amount: 1e+17
[2023-05-25 15:17:59] Admin: trc.#2E8B57sheeeshken (sheeeshka) | Command: givemoney | Target Player: trc.#2E8B57sheeeshken (sheeeshka) | Amount: 1e+27
[2023-05-25 15:18:09] Admin: trc.#2E8B57sheeeshken (sheeeshka) | Command: givemoney | Target Player: trc.#2E8B57sheeeshken (sheeeshka) | Amount: 1e+22
[2023-05-25 15:18:21] Admin: trc.#2E8B57sheeeshken (sheeeshka) | Command: givexp | Target Player: trc.#2E8B57sheeeshken (sheeeshka) | Amount: 1e+22
[2023-05-25 15:20:19] Admin: trc.#2E8B57sheeeshken (sheeeshka) | Command: givemoney | Target Player: trc.#2E8B57sheeeshken (sheeeshka) | Amount: 1e+48
[2023-05-25 15:45:23] Admin: trc.#2E8B57sheeeshken (sheeeshka) | Command: givemoney | Target Player: trc.#2E8B57sheeeshken (sheeeshka) | Amount: 1e+28
[2023-05-25 15:45:33] Admin: trc.#2E8B57sheeeshken (sheeeshka) | Command: givemoney | Target Player: trc.#2E8B57sheeeshken (sheeeshka) | Amount: 1e+30
[2023-05-25 15:55:33] Admin: trc.#2E8B57sheeeshken (sheeeshka) | Command: givemoney | Target Player: trc.#2E8B57sheeeshken (sheeeshka) | Amount: 1e+40
[2023-05-25 15:55:40] Admin: trc.#2E8B57sheeeshken (sheeeshka) | Command: givemoney | Target Player: trc.#2E8B57sheeeshken (sheeeshka) | Amount: 1e+45
[2023-05-25 15:55:58] Admin: trc.#2E8B57sheeeshken (sheeeshka) | Command: givemoney | Target Player: trc.#2E8B57sheeeshken (sheeeshka) | Amount: 1e+43
[2023-05-25 15:56:05] Admin: trc.#2E8B57sheeeshken (sheeeshka) | Command: givemoney | Target Player: trc.#2E8B57sheeeshken (sheeeshka) | Amount: 1e+41
[2023-05-25 15:56:11] Admin: trc.#2E8B57sheeeshken (sheeeshka) | Command: givemoney | Target Player: trc.#2E8B57sheeeshken (sheeeshka) | Amount: 1e+43
[2023-05-25 15:56:18] Admin: trc.#2E8B57sheeeshken (sheeeshka) | Command: givemoney | Target Player: trc.#2E8B57sheeeshken (sheeeshka) | Amount: 1e+51
[2023-05-25 15:56:26] Admin: trc.#2E8B57sheeeshken (sheeeshka) | Command: givemoney | Target Player: trc.#2E8B57sheeeshken (sheeeshka) | Amount: 1e+50
[2023-05-25 15:56:33] Admin: trc.#2E8B57sheeeshken (sheeeshka) | Command: givemoney | Target Player: trc.#2E8B57sheeeshken (sheeeshka) | Amount: 1e+41
[2023-05-26 11:48:42] Admin: trc.#2E8B57sheeeshken (sheeeshka) | Command: givemoney | Target Player: trc.#2E8B57sheeeshken (sheeeshka) | Amount: 1e+50
[2023-05-26 11:48:53] Admin: trc.#2E8B57sheeeshken (sheeeshka) | Command: givemoney | Target Player: trc.#2E8B57sheeeshken (sheeeshka) | Amount: 1e+44
[2023-05-26 11:49:01] Admin: trc.#2E8B57sheeeshken (sheeeshka) | Command: givemoney | Target Player: trc.#2E8B57sheeeshken (sheeeshka) | Amount: 1e+40
[2023-05-26 11:49:09] Admin: trc.#2E8B57sheeeshken (sheeeshka) | Command: givemoney | Target Player: trc.#2E8B57sheeeshken (sheeeshka) | Amount: 1e+43
[2023-05-26 13:13:47] Admin: trc.#2E8B57sheeeshken (sheeeshka) | Command: givemoney | Target Player: trc.#2E8B57sheeeshken (sheeeshka) | Amount: 111111111
[2023-05-26 13:14:31] Admin: trc.#2E8B57sheeeshken (sheeeshka) | Command: givemoney | Target Player: trc.#2E8B57sheeeshken (sheeeshka) | Amount: 1e+31
[2023-05-26 13:20:29] Admin: trc.#2E8B57sheeeshken (sheeeshka) | Command: givecar | Target Player: trc.#2E8B57sheeeshken (sheeeshka) | Car name: tunerc_burrito
[2023-05-27 04:20:11] Admin: 7.62|kao|SmokingDevilz (Sidelev) | Command: givecar | Target Player: 7.62|kao|SmokingDevilz (Sidelev) | Car name: tunerc_zr350
[2023-05-27 12:00:04] Admin: trc.#2E8B57sheeeshken (sheeeshka) | Command: givemoney | Target Player: trc.#2E8B57sheeeshken (sheeeshka) | Amount: 1e+46
[2023-05-27 12:15:45] Admin: trc.#2E8B57sheeeshken (sheeeshka) | Command: givecar | Target Player: trc.#2E8B57sheeeshken (sheeeshka) | Car name: tunerc_bravura
[2023-05-27 12:24:30] Admin: trc.#2E8B57sheeeshken (sheeeshka) | Command: givemoney | Target Player: trc.#2E8B57sheeeshken (sheeeshka) | Amount: 1e+44
[2023-05-27 14:44:14] Admin: trc.#2E8B57sheeeshken (sheeeshka) | Command: givemoney | Target Player: #ffba00pipa (pipa) | Amount: 6000
[2023-05-27 15:02:00] Admin: trc.#2E8B57sheeeshken (sheeeshka) | Command: removecar | Target Player: lixter00 (martini00) | Car id: 474
[2023-05-27 15:02:47] Admin: trc.#2E8B57sheeeshken (sheeeshka) | Command: givemoney | Target Player: #ffba00pipa (pipa) | Amount: 1000
[2023-05-27 19:24:31] Admin: 7.62|kao|SmokingDevilz (Sidelev) | Command: mute | Target Player: 7.62|kao|SmokingDevilz (Sidelev) | Duration: 300 | Reason: 
[2023-05-27 19:24:33] Admin: 7.62|kao|SmokingDevilz (Sidelev) | Command: unmute | Target Player: 7.62|kao|SmokingDevilz (Sidelev)
[2023-05-27 19:46:26] Admin: 7.62|kao|SmokingDevilz (Sidelev) | Command: mute | Target Player: rip.nsx~steezyq (steezyq) | Duration: 300 | Reason: спам
[2023-05-27 19:46:36] Admin: 7.62|kao|SmokingDevilz (Sidelev) | Command: unmute | Target Player: rip.nsx~steezyq (steezyq)
[2023-05-27 19:46:54] Admin: 7.62|kao|SmokingDevilz (Sidelev) | Command: mute | Target Player: rip.nsx~steezyq (steezyq) | Duration: 300 | Reason: спам
[2023-05-28 13:21:48] Admin: trc.#2E8B57sheeeshken (sheeeshka) | Command: givemoney | Target Player: trc.#2E8B57sheeeshken (sheeeshka) | Amount: 1e+46
[2023-05-29 05:07:09] Admin: 7.62|kao|SmokingDevilz (Sidelev) | Command: givemoney | Target Player: 7.62|kao|SmokingDevilz (Sidelev) | Amount: 1
[2023-05-30 12:16:00] Admin: 7.62|kao|SmokingDevilz (Sidelev) | Command: givecar | Target Player: 7.62|kao|SmokingDevilz (Sidelev) | Car name: tunerc_sentinel
[2023-05-30 23:19:56] Admin: 7.62|kao|SmokingDevilz (Sidelev) | Command: givecar | Target Player: 7.62|kao|SmokingDevilz (Sidelev) | Car name: tunerc_sentinel
[2023-06-02 07:30:43] Admin: trc.#2E8B57sheeeshken (sheeeshka) | Command: givemoney | Target Player: trc.#2E8B57sheeeshken (sheeeshka) | Amount: 1e+42
[2023-06-04 21:59:44] Admin: trc.#2E8B57sheeeshken (sheeeshka) | Command: givecar | Target Player: trc.#2E8B57sheeeshken (sheeeshka) | Car name: tunerc_burrito
[2023-06-04 21:59:53] Admin: trc.#2E8B57sheeeshken (sheeeshka) | Command: givemoney | Target Player: trc.#2E8B57sheeeshken (sheeeshka) | Amount: 1e+48
