[2023-05-08 05:21:34] Autosave completed
[2023-05-08 05:26:34] Autosave completed
[2023-05-08 05:31:34] Autosave completed
[2023-05-08 05:36:34] Autosave completed
[2023-05-08 05:41:34] Autosave completed
[2023-05-08 05:46:34] Autosave completed
[2023-05-08 05:51:12] User 'Sidelev' has logged out (7.62|kao|Cryingdevilz)
[2023-05-08 05:51:58] User 'Sidelev' logged in with nickname '7.62|kao|Cryingdevilz'
[2023-05-08 05:56:14] Autosave completed
[2023-05-08 06:01:14] Autosave completed
[2023-05-08 06:06:14] Autosave completed
[2023-05-08 06:11:14] Autosave completed
[2023-05-08 06:16:14] Autosave completed
[2023-05-08 06:21:09] Autosave completed
[2023-05-08 06:26:09] Autosave completed
[2023-05-08 06:31:09] Autosave completed
[2023-05-08 06:36:09] Autosave completed
[2023-05-08 06:41:09] Autosave completed
[2023-05-08 06:46:09] Autosave completed
[2023-05-08 06:51:09] Autosave completed
[2023-05-08 06:56:09] Autosave completed
[2023-05-08 07:01:09] Autosave completed
[2023-05-08 07:06:09] Autosave completed
[2023-05-08 07:11:09] Autosave completed
[2023-05-08 07:16:09] Autosave completed
[2023-05-08 07:21:09] Autosave completed
[2023-05-08 07:26:09] Autosave completed
[2023-05-08 07:31:10] Autosave completed
[2023-05-08 07:35:17] New user registered: 'oira'
[2023-05-08 07:35:19] User 'oira' logged in with nickname 'oira'
[2023-05-08 07:36:10] Autosave completed
[2023-05-08 07:40:24] User 'Sidelev' has logged out (7.62|kao|Cryingdevilz)
[2023-05-08 07:41:10] Autosave completed
[2023-05-08 07:46:10] Autosave completed
[2023-05-08 07:51:10] Autosave completed
[2023-05-08 07:53:14] User 'oira' has logged out (oira)
[2023-05-08 07:56:10] Autosave completed
[2023-05-08 08:01:10] Autosave completed
[2023-05-08 08:06:10] Autosave completed
[2023-05-08 08:11:10] Autosave completed
[2023-05-08 08:16:10] Autosave completed
[2023-05-08 08:21:10] Autosave completed
[2023-05-08 08:26:10] Autosave completed
[2023-05-08 08:31:10] Autosave completed
[2023-05-08 08:36:10] Autosave completed
[2023-05-08 08:41:10] Autosave completed
[2023-05-08 08:46:10] Autosave completed
[2023-05-08 08:50:12] User 'Loony' logged in with nickname 'Loony'
[2023-05-08 08:51:10] Autosave completed
[2023-05-08 08:56:10] Autosave completed
[2023-05-08 09:01:10] Autosave completed
[2023-05-08 09:06:10] Autosave completed
[2023-05-08 09:08:32] New user registered: 'nowyoudead'
[2023-05-08 09:08:39] User 'nowyoudead' logged in with nickname 'PrivateArtichokes33'
[2023-05-08 09:11:10] Autosave completed
[2023-05-08 09:15:14] User 'Loony' has logged out (Loony)
[2023-05-08 09:16:10] Autosave completed
[2023-05-08 09:21:10] Autosave completed
[2023-05-08 09:22:46] User 'nowyoudead' has logged out (PrivateArtichokes33)
[2023-05-08 09:26:10] Autosave completed
[2023-05-08 09:31:10] Autosave completed
[2023-05-08 09:36:10] Autosave completed
[2023-05-08 09:37:08] User 'SwiggiB4RN' logged in with nickname 'VagueRetina1'
[2023-05-08 09:41:10] Autosave completed
[2023-05-08 09:46:10] Autosave completed
[2023-05-08 09:51:10] Autosave completed
[2023-05-08 09:56:10] Autosave completed
[2023-05-08 10:01:10] Autosave completed
[2023-05-08 10:06:10] Autosave completed
[2023-05-08 10:08:11] User 'oira' logged in with nickname 'oira'
[2023-05-08 10:11:10] Autosave completed
[2023-05-08 10:16:10] Autosave completed
[2023-05-08 10:21:10] Autosave completed
[2023-05-08 10:26:10] Autosave completed
[2023-05-08 10:31:10] Autosave completed
[2023-05-08 10:33:54] User 'SwiggiB4RN' has logged out ($wiggiB4RN)
[2023-05-08 10:34:44] User 'SwiggiB4RN' logged in with nickname '$wiggiB4RN'
[2023-05-08 10:36:10] Autosave completed
[2023-05-08 10:41:10] Autosave completed
[2023-05-08 10:46:10] Autosave completed
[2023-05-08 10:50:15] User 'oira' has logged out (oira)
[2023-05-08 10:51:10] Autosave completed
[2023-05-08 10:56:10] Autosave completed
[2023-05-08 11:01:10] Autosave completed
[2023-05-08 11:06:10] Autosave completed
[2023-05-08 11:11:10] Autosave completed
[2023-05-08 11:16:10] Autosave completed
[2023-05-08 11:21:10] Autosave completed
[2023-05-08 11:26:10] Autosave completed
[2023-05-08 11:31:11] Autosave completed
[2023-05-08 11:36:11] Autosave completed
[2023-05-08 11:41:11] Autosave completed
[2023-05-08 11:46:11] Autosave completed
[2023-05-08 11:50:41] User 'juug' logged in with nickname 'fdh.juugweb'
[2023-05-08 11:51:11] Autosave completed
[2023-05-08 11:54:21] User 'sheeeshka' logged in with nickname 'trc.#7FFFD4sheeeshken'
[2023-05-08 11:56:11] Autosave completed
[2023-05-08 12:01:11] Autosave completed
[2023-05-08 12:06:11] Autosave completed
[2023-05-08 12:11:11] Autosave completed
[2023-05-08 12:16:11] Autosave completed
[2023-05-08 12:21:11] Autosave completed
[2023-05-08 12:26:11] Autosave completed
[2023-05-08 12:31:11] Autosave completed
[2023-05-08 12:34:08] User 'juug' has logged out (fdh.juugweb)
[2023-05-08 12:34:46] User 'juug' logged in with nickname 'fdh.juugweb'
[2023-05-08 12:36:11] Autosave completed
[2023-05-08 12:36:30] User 'SwiggiB4RN' has logged out ($wiggiB4RN)
[2023-05-08 12:37:37] User 'SwiggiB4RN' logged in with nickname '$wiggiB4RN'
[2023-05-08 12:38:50] New user registered: 'Gniliska'
[2023-05-08 12:38:52] User 'Gniliska' logged in with nickname '35.Gni#D8BFD8lishka'
[2023-05-08 12:39:08] User 'juug' has logged out (fdh.juugweb)
[2023-05-08 12:40:08] User 'juug' logged in with nickname 'fdh.juugweb'
[2023-05-08 12:41:11] Autosave completed
[2023-05-08 12:46:11] Autosave completed
[2023-05-08 12:51:11] Autosave completed
[2023-05-08 12:52:51] User 'SwiggiB4RN' has logged out ($wiggiB4RN)
[2023-05-08 12:56:11] Autosave completed
[2023-05-08 12:59:39] User 'sheeeshka' has logged out (trc.#7FFFD4sheeeshken)
[2023-05-08 13:00:14] User 'sheeeshka' logged in with nickname 'trc.#7FFFD4sheeeshken'
[2023-05-08 13:01:11] Autosave completed
[2023-05-08 13:06:11] Autosave completed
[2023-05-08 13:11:11] Autosave completed
[2023-05-08 13:16:11] Autosave completed
[2023-05-08 13:21:11] Autosave completed
[2023-05-08 13:26:11] Autosave completed
[2023-05-08 13:27:33] User 'sheeeshka' has logged out (trc.#7FFFD4sheeeshken)
[2023-05-08 13:31:11] Autosave completed
[2023-05-08 13:36:11] Autosave completed
[2023-05-08 13:41:11] Autosave completed
[2023-05-08 13:46:11] Autosave completed
[2023-05-08 13:51:11] Autosave completed
[2023-05-08 13:55:56] User 'suthebgtwta' logged in with nickname 'trc.suthe#ffccccbgtwta'
[2023-05-08 13:56:11] Autosave completed
[2023-05-08 14:01:11] Autosave completed
[2023-05-08 14:06:11] Autosave completed
[2023-05-08 14:07:57] User 'Gniliska' has logged out (35.Gni#D8BFD8lishka)
[2023-05-08 14:08:20] User 'sheeeshka' logged in with nickname 'trc.#7FFFD4sheeeshken'
[2023-05-08 14:11:01] User 'Gniliska' logged in with nickname '35.Gni#D8BFD8lishka'
[2023-05-08 14:11:11] Autosave completed
[2023-05-08 14:16:11] Autosave completed
[2023-05-08 14:21:11] Autosave completed
[2023-05-08 14:26:11] Autosave completed
[2023-05-08 14:31:11] Autosave completed
[2023-05-08 14:36:11] Autosave completed
[2023-05-08 14:38:54] User 'suthebgtwta' has logged out (trc.suthe#ffccccbgtwta)
[2023-05-08 14:41:11] Autosave completed
[2023-05-08 14:46:11] Autosave completed
[2023-05-08 14:51:11] Autosave completed
[2023-05-08 14:52:13] User 'kenji' logged in with nickname '#000000skitz'
[2023-05-08 14:56:11] Autosave completed
[2023-05-08 15:01:11] Autosave completed
[2023-05-08 15:01:24] User 'Gniliska' has logged out (35.Gni#D8BFD8lishka)
[2023-05-08 15:02:43] User 'juug' has logged out (fdh.juugweb)
[2023-05-08 15:06:11] Autosave completed
[2023-05-08 15:07:06] User 'juug' logged in with nickname 'fdh.juugweb'
[2023-05-08 15:11:11] Autosave completed
[2023-05-08 15:15:05] User 'sheeeshka' has logged out (trc.#7FFFD4sheeeshken)
[2023-05-08 15:16:11] Autosave completed
[2023-05-08 15:20:06] User 'playahater' logged in with nickname 'sfsc.460exizwright''
[2023-05-08 15:21:11] Autosave completed
[2023-05-08 15:22:03] User 'Sidelev' logged in with nickname '7.62|kao|Cryingdevilz'
[2023-05-08 15:26:11] Autosave completed
[2023-05-08 15:31:11] Autosave completed
[2023-05-08 15:36:11] Autosave completed
[2023-05-08 15:41:11] Autosave completed
[2023-05-08 15:46:11] Autosave completed
[2023-05-08 15:51:11] Autosave completed
[2023-05-08 15:54:49] User 'Sidelev' has logged out (7.62|kao|Cryingdevilz)
[2023-05-08 15:56:11] Autosave completed
[2023-05-08 16:01:11] Autosave completed
[2023-05-08 16:06:11] Autosave completed
[2023-05-08 16:11:11] Autosave completed
[2023-05-08 16:11:54] User 'Sidelev' logged in with nickname '7.62|kao|Cryingdevilz'
[2023-05-08 16:16:11] Autosave completed
[2023-05-08 16:21:11] Autosave completed
[2023-05-08 16:26:11] Autosave completed
[2023-05-08 16:31:11] Autosave completed
[2023-05-08 16:35:55] New user registered: 'vzlom'
[2023-05-08 16:35:57] User 'vzlom' logged in with nickname 'vzlom'
[2023-05-08 16:36:11] Autosave completed
[2023-05-08 16:40:25] New user registered: 'pel'
[2023-05-08 16:40:26] User 'pel' logged in with nickname 'xa4u_laurel'
[2023-05-08 16:41:11] Autosave completed
[2023-05-08 16:43:25] User 'vzlom' has logged out (vzlom)
[2023-05-08 16:46:11] Autosave completed
[2023-05-08 16:51:11] Autosave completed
[2023-05-08 16:53:02] User 'Gniliska' logged in with nickname '35.Gni#D8BFD8lishka'
[2023-05-08 16:56:11] Autosave completed
[2023-05-08 16:57:08] User 'kenji' has logged out (#000000skitz)
[2023-05-08 16:59:36] User 'kenji' logged in with nickname '#000000skitz'
[2023-05-08 17:01:11] Autosave completed
[2023-05-08 17:05:34] User 'juug' has logged out (fdh.juugweb)
[2023-05-08 17:06:11] Autosave completed
[2023-05-08 17:06:20] User 'juug' logged in with nickname 'fdh.juugweb'
[2023-05-08 17:11:11] Autosave completed
[2023-05-08 17:11:27] User 'Gniliska' has logged out (35.Gni#D8BFD8lishka)
[2023-05-08 17:16:11] Autosave completed
[2023-05-08 17:21:03] User 'playahater' has logged out (sfsc.460exizwright')
[2023-05-08 17:21:11] Autosave completed
[2023-05-08 17:26:11] Autosave completed
[2023-05-08 17:31:11] Autosave completed
[2023-05-08 17:36:11] Autosave completed
[2023-05-08 17:41:11] Autosave completed
[2023-05-08 17:45:22] User 'Sidelev' has logged out (7.62|kao|Cryingdevilz)
[2023-05-08 17:46:11] Autosave completed
[2023-05-08 17:50:13] User 'Sidelev' logged in with nickname '7.62|kao|Cryingdevilz'
[2023-05-08 17:51:12] Autosave completed
[2023-05-08 17:56:12] Autosave completed
[2023-05-08 17:58:56] New user registered: 'Plophybtw'
[2023-05-08 17:58:57] User 'Plophybtw' logged in with nickname '#0F0F0FPlophybtw~.~'
[2023-05-08 17:59:31] User 'sheeeshka' logged in with nickname 'trc.#7FFFD4sheeeshken'
[2023-05-08 18:01:12] Autosave completed
[2023-05-08 18:06:12] Autosave completed
[2023-05-08 18:11:12] Autosave completed
[2023-05-08 18:16:12] Autosave completed
[2023-05-08 18:21:12] Autosave completed
[2023-05-08 18:21:38] New user registered: 'flyt'
[2023-05-08 18:21:40] User 'flyt' logged in with nickname 'Ascon'
[2023-05-08 18:22:16] User 'danb1' logged in with nickname 'SoftBeans50'
[2023-05-08 18:25:05] User 'pel' has logged out (xa4u_laurel)
[2023-05-08 18:26:12] Autosave completed
[2023-05-08 18:28:07] User 'pel' logged in with nickname 'xa4u_laurel'
[2023-05-08 18:31:12] Autosave completed
[2023-05-08 18:36:12] Autosave completed
[2023-05-08 18:41:12] Autosave completed
[2023-05-08 18:42:48] User 'danb1' has logged out (SoftBeans50)
[2023-05-08 18:46:12] Autosave completed
[2023-05-08 18:51:12] Autosave completed
[2023-05-08 18:53:41] New user registered: 'CamWhore'
[2023-05-08 18:53:43] User 'CamWhore' logged in with nickname 'jabahkat'
[2023-05-08 18:54:50] User 'sheeeshka' has logged out (trc.#7FFFD4sheeeshken)
[2023-05-08 18:56:12] Autosave completed
[2023-05-08 19:01:12] Autosave completed
[2023-05-08 19:04:38] User 'Gniliska' logged in with nickname '35.Gni#D8BFD8lishka'
[2023-05-08 19:06:12] Autosave completed
[2023-05-08 19:11:12] Autosave completed
[2023-05-08 19:14:42] User 'playahater' logged in with nickname 'sfsc.460exizwright''
[2023-05-08 19:16:12] Autosave completed
[2023-05-08 19:21:12] Autosave completed
[2023-05-08 19:26:12] Autosave completed
[2023-05-08 19:31:12] Autosave completed
[2023-05-08 19:31:18] User 'juug' has logged out (fdh.juugweb)
[2023-05-08 19:34:52] User 's1gara32' logged in with nickname 'SupremeTemples11'
[2023-05-08 19:35:02] New user registered: 'NeroXT5'
[2023-05-08 19:35:04] User 'NeroXT5' logged in with nickname 'OrganicSandbar86'
[2023-05-08 19:36:12] Autosave completed
[2023-05-08 19:40:26] User 's1gara32' has logged out (SupremeTemples11)
[2023-05-08 19:41:12] Autosave completed
[2023-05-08 19:43:25] User 'Gniliska' has logged out (35.Gni#D8BFD8lishka)
[2023-05-08 19:44:44] User 'CamWhore' has logged out (jabahkat)
[2023-05-08 19:45:10] User 'Gniliska' logged in with nickname '35.Gni#D8BFD8lishka'
[2023-05-08 19:46:12] Autosave completed
[2023-05-08 19:51:12] Autosave completed
[2023-05-08 19:51:54] User 'flyt' has logged out (Ascon)
[2023-05-08 19:52:14] User 'kenji' has logged out (#000000skitz)
[2023-05-08 19:56:12] Autosave completed
[2023-05-08 20:01:12] Autosave completed
[2023-05-08 20:06:12] Autosave completed
[2023-05-08 20:06:35] User 'NeroXT5' has logged out (OrganicSandbar86)
[2023-05-08 20:11:12] Autosave completed
[2023-05-08 20:16:12] Autosave completed
[2023-05-08 20:17:25] User 'Plophybtw' has logged out (#0F0F0FPlophybtw~.~)
[2023-05-08 20:21:12] Autosave completed
[2023-05-08 20:22:17] User 'pel' has logged out (xa4u_laurel)
[2023-05-08 20:26:12] Autosave completed
[2023-05-08 20:31:12] Autosave completed
[2023-05-08 20:32:18] User 'pel' logged in with nickname 'xa4u_laurel'
[2023-05-08 20:36:12] Autosave completed
[2023-05-08 20:39:24] User 'playahater' has logged out (sfsc.460exizwright')
[2023-05-08 20:41:12] Autosave completed
[2023-05-08 20:42:57] New user registered: 'Young_Streetz'
[2023-05-08 20:43:01] User 'Young_Streetz' logged in with nickname 'TidyBonnet95'
[2023-05-08 20:44:11] New user registered: 'Marcos_Medellin'
[2023-05-08 20:44:14] User 'Marcos_Medellin' logged in with nickname 'Marcos_Medellin'
[2023-05-08 20:46:12] Autosave completed
[2023-05-08 20:51:12] Autosave completed
[2023-05-08 20:52:40] User 'sheeeshka' logged in with nickname 'trc.#7FFFD4sheeeshken'
[2023-05-08 20:56:12] Autosave completed
[2023-05-08 21:01:12] Autosave completed
[2023-05-08 21:06:12] Autosave completed
[2023-05-08 21:09:02] User 'Gniliska' has logged out (35.Gni#D8BFD8lishka)
[2023-05-08 21:10:19] User 'Plophybtw' logged in with nickname '#0F0F0FPlophybtw~.~'
[2023-05-08 21:10:21] User 'pel' has logged out (xa4u_laurel)
[2023-05-08 21:11:12] Autosave completed
[2023-05-08 21:11:35] User 'pel' logged in with nickname 'xa4u_laurel'
[2023-05-08 21:13:18] User 'pel' has logged out (xa4u_laurel)
[2023-05-08 21:13:44] User 'pel' logged in with nickname 'xa4u_laurel'
[2023-05-08 21:15:21] User 'juug' logged in with nickname 'fdh.juugweb'
[2023-05-08 21:15:37] User 'pel' has logged out (xa4u_laurel)
[2023-05-08 21:15:54] New user registered: 'sraly'
[2023-05-08 21:15:56] User 'sraly' logged in with nickname 'sraly~.~'
[2023-05-08 21:16:12] Autosave completed
[2023-05-08 21:16:40] User 'pel' logged in with nickname 'xa4u_laurel'
[2023-05-08 21:21:12] Autosave completed
[2023-05-08 21:24:30] User 'Sidelev' has logged out (7.62|kao|Cryingdevilz)
[2023-05-08 21:26:12] Autosave completed
[2023-05-08 21:27:58] User 'Sidelev' logged in with nickname '7.62|kao|Cryingdevilz'
[2023-05-08 21:31:12] Autosave completed
[2023-05-08 21:32:15] User 'kenji' logged in with nickname '#000000skitz'
[2023-05-08 21:36:12] Autosave completed
[2023-05-08 21:41:12] Autosave completed
[2023-05-08 21:42:49] User 'Marcos_Medellin' has logged out (Marcos_Medellin)
[2023-05-08 21:44:03] User 'suthebgtwta' logged in with nickname 'trc.suthe#ffccccbgtwta'
[2023-05-08 21:46:12] Autosave completed
[2023-05-08 21:46:37] User 'Young_Streetz' has logged out (TidyBonnet95)
[2023-05-08 21:51:12] Autosave completed
[2023-05-08 21:56:12] Autosave completed
[2023-05-08 21:56:36] User 'NeroXT5' logged in with nickname 'OrganicSandbar86'
[2023-05-08 22:01:12] Autosave completed
[2023-05-08 22:06:12] Autosave completed
[2023-05-08 22:11:12] Autosave completed
[2023-05-08 22:13:03] User 'Vladosek' logged in with nickname '#000000s1ncere'
[2023-05-08 22:16:12] Autosave completed
[2023-05-08 22:21:06] User 'suthebgtwta' has logged out (trc.suthe#ffccccbgtwta)
[2023-05-08 22:21:12] Autosave completed
[2023-05-08 22:26:12] Autosave completed
[2023-05-08 22:26:54] User 'NeroXT5' has logged out (NeroXT5)
[2023-05-08 22:27:25] User 'NeroXT5' logged in with nickname 'NeroXT5'
[2023-05-08 22:31:04] User 'sheeeshka' has logged out (trc.#7FFFD4sheeeshken)
[2023-05-08 22:31:12] Autosave completed
[2023-05-08 22:35:32] User 'Plophybtw' has logged out (#0F0F0FPlophybtw~.~)
[2023-05-08 22:36:12] Autosave completed
[2023-05-08 22:37:42] User 'sraly' has logged out (sraly~.~)
[2023-05-08 22:41:12] Autosave completed
[2023-05-08 22:41:57] User 'pel' has logged out (xa4u_laurel)
[2023-05-08 22:46:12] Autosave completed
[2023-05-08 22:51:12] Autosave completed
[2023-05-08 22:56:12] Autosave completed
[2023-05-08 23:01:12] Autosave completed
[2023-05-08 23:05:59] User 'NeroXT5' has logged out (NeroXT5)
[2023-05-08 23:06:12] Autosave completed
[2023-05-08 23:11:12] Autosave completed
[2023-05-08 23:16:12] Autosave completed
[2023-05-08 23:20:25] User 'Vladosek' has logged out (#000000s1ncere)
[2023-05-08 23:21:12] Autosave completed
[2023-05-08 23:21:53] User 'Sidelev' has logged out (7.62|kao|Cryingdevilz)
[2023-05-08 23:26:12] Autosave completed
[2023-05-08 23:31:12] Autosave completed
[2023-05-08 23:36:12] Autosave completed
[2023-05-08 23:41:12] Autosave completed
[2023-05-08 23:46:12] Autosave completed
[2023-05-08 23:51:12] Autosave completed
[2023-05-08 23:56:12] Autosave completed
[2023-05-09 00:01:12] Autosave completed
[2023-05-09 00:06:12] Autosave completed
[2023-05-09 00:11:12] Autosave completed
[2023-05-09 00:13:59] User 'kenji' has logged out (#000000skitz)
[2023-05-09 00:16:12] Autosave completed
[2023-05-09 00:21:12] Autosave completed
[2023-05-09 00:26:03] User 'pel' logged in with nickname 'xa4u_laurel'
[2023-05-09 00:26:12] Autosave completed
[2023-05-09 00:31:12] Autosave completed
[2023-05-09 00:36:12] Autosave completed
[2023-05-09 00:41:12] Autosave completed
[2023-05-09 00:42:29] User 'pel' has logged out (xa4u_laurel)
[2023-05-09 00:46:12] Autosave completed
[2023-05-09 00:47:00] New user registered: 'sage'
[2023-05-09 00:47:02] User 'sage' logged in with nickname 'Nelson'
[2023-05-09 00:51:11] User 'sage' has logged out (Nelson)
[2023-05-09 00:51:12] Autosave completed
[2023-05-09 00:55:30] User 'sraly' logged in with nickname 'sraly~.~'
[2023-05-09 00:56:12] Autosave completed
[2023-05-09 01:00:16] User 'sraly' has logged out (sraly~.~)
[2023-05-09 01:01:12] Autosave completed
[2023-05-09 01:06:13] Autosave completed
[2023-05-09 01:11:13] Autosave completed
[2023-05-09 01:16:13] Autosave completed
[2023-05-09 01:21:13] Autosave completed
[2023-05-09 01:26:13] Autosave completed
[2023-05-09 01:31:13] Autosave completed
[2023-05-09 01:36:13] Autosave completed
[2023-05-09 01:41:13] Autosave completed
[2023-05-09 01:46:13] Autosave completed
[2023-05-09 01:51:13] Autosave completed
[2023-05-09 01:56:13] Autosave completed
[2023-05-09 02:01:13] Autosave completed
[2023-05-09 02:06:13] Autosave completed
[2023-05-09 02:11:13] Autosave completed
[2023-05-09 02:16:13] Autosave completed
[2023-05-09 02:21:13] Autosave completed
[2023-05-09 02:26:13] Autosave completed
[2023-05-09 02:31:13] Autosave completed
[2023-05-09 02:36:13] Autosave completed
[2023-05-09 02:41:13] Autosave completed
[2023-05-09 02:46:13] Autosave completed
[2023-05-09 02:51:13] Autosave completed
[2023-05-09 02:56:03] User 'oira' logged in with nickname 'oira'
[2023-05-09 02:56:13] Autosave completed
[2023-05-09 03:01:13] Autosave completed
[2023-05-09 03:06:13] Autosave completed
[2023-05-09 03:11:13] Autosave completed
[2023-05-09 03:16:13] Autosave completed
[2023-05-09 03:20:31] User 'oira' has logged out (oira)
[2023-05-09 03:21:13] Autosave completed
[2023-05-09 03:26:13] Autosave completed
[2023-05-09 03:31:13] Autosave completed
[2023-05-09 03:36:13] Autosave completed
[2023-05-09 03:40:47] User 'oira' logged in with nickname 'oira'
[2023-05-09 03:41:13] Autosave completed
[2023-05-09 03:46:13] Autosave completed
[2023-05-09 03:51:13] Autosave completed
[2023-05-09 03:56:13] Autosave completed
[2023-05-09 04:01:13] Autosave completed
[2023-05-09 04:04:43] User 'juug' has logged out (fdh.juugweb)
[2023-05-09 04:06:13] Autosave completed
[2023-05-09 04:11:13] Autosave completed
[2023-05-09 04:16:13] Autosave completed
[2023-05-09 04:21:13] Autosave completed
[2023-05-09 04:26:13] Autosave completed
[2023-05-09 04:30:28] User 'Sidelev' logged in with nickname '7.62|kao|Cryingdevilz'
[2023-05-09 04:31:13] Autosave completed
[2023-05-09 04:36:13] Autosave completed
[2023-05-09 04:41:13] Autosave completed
[2023-05-09 04:46:13] Autosave completed
[2023-05-09 04:51:13] Autosave completed
[2023-05-09 04:56:13] Autosave completed
[2023-05-09 05:01:13] Autosave completed
[2023-05-09 05:06:13] Autosave completed
[2023-05-09 05:11:13] Autosave completed
[2023-05-09 05:16:13] Autosave completed
[2023-05-09 05:21:13] Autosave completed
[2023-05-09 05:21:26] User 'oira' has logged out (oira)
[2023-05-09 05:26:13] Autosave completed
[2023-05-09 05:31:13] Autosave completed
[2023-05-09 05:36:13] Autosave completed
[2023-05-09 05:41:13] Autosave completed
[2023-05-09 05:46:14] Autosave completed
[2023-05-09 05:51:14] Autosave completed
[2023-05-09 05:56:14] Autosave completed
[2023-05-09 06:01:14] Autosave completed
[2023-05-09 06:06:14] Autosave completed
[2023-05-09 06:11:14] Autosave completed
[2023-05-09 06:16:14] Autosave completed
[2023-05-09 06:21:09] Autosave completed
[2023-05-09 06:26:09] Autosave completed
[2023-05-09 06:31:09] Autosave completed
[2023-05-09 06:36:09] Autosave completed
[2023-05-09 06:41:09] Autosave completed
[2023-05-09 06:46:09] Autosave completed
[2023-05-09 06:51:09] Autosave completed
[2023-05-09 06:56:09] Autosave completed
[2023-05-09 07:01:09] Autosave completed
[2023-05-09 07:06:09] Autosave completed
[2023-05-09 07:11:09] Autosave completed
[2023-05-09 07:16:09] Autosave completed
[2023-05-09 07:21:09] Autosave completed
[2023-05-09 07:26:09] Autosave completed
[2023-05-09 07:31:09] Autosave completed
[2023-05-09 07:35:15] User 'Sidelev' has logged out (7.62|kao|Cryingdevilz)
[2023-05-09 07:36:09] Autosave completed
[2023-05-09 07:37:04] User 'Sidelev' logged in with nickname '7.62|kao|Cryingdevilz'
[2023-05-09 07:41:09] Autosave completed
[2023-05-09 07:45:10] User 'Sidelev' has logged out (7.62|kao|Cryingdevilz)
[2023-05-09 07:46:09] Autosave completed
[2023-05-09 07:51:09] Autosave completed
[2023-05-09 07:56:09] Autosave completed
[2023-05-09 08:01:09] Autosave completed
[2023-05-09 08:06:09] Autosave completed
[2023-05-09 08:11:04] User 'oira' logged in with nickname 'oira'
[2023-05-09 08:11:09] Autosave completed
[2023-05-09 08:16:09] Autosave completed
[2023-05-09 08:21:10] Autosave completed
[2023-05-09 08:26:10] Autosave completed
[2023-05-09 08:31:10] Autosave completed
[2023-05-09 08:36:10] Autosave completed
[2023-05-09 08:41:10] Autosave completed
[2023-05-09 08:45:52] User 'oira' has logged out (oira)
[2023-05-09 08:46:10] Autosave completed
[2023-05-09 08:51:10] Autosave completed
[2023-05-09 08:56:10] Autosave completed
[2023-05-09 09:01:10] Autosave completed
[2023-05-09 09:06:10] Autosave completed
[2023-05-09 09:11:10] Autosave completed
[2023-05-09 09:16:10] Autosave completed
[2023-05-09 09:21:10] Autosave completed
[2023-05-09 09:26:10] Autosave completed
[2023-05-09 09:31:10] Autosave completed
[2023-05-09 09:36:10] Autosave completed
[2023-05-09 09:41:10] Autosave completed
[2023-05-09 09:46:10] Autosave completed
[2023-05-09 09:51:10] Autosave completed
[2023-05-09 09:56:10] Autosave completed
[2023-05-09 10:01:10] Autosave completed
[2023-05-09 10:06:10] Autosave completed
[2023-05-09 10:11:10] Autosave completed
[2023-05-09 10:16:10] Autosave completed
[2023-05-09 10:21:10] Autosave completed
[2023-05-09 10:26:10] Autosave completed
[2023-05-09 10:31:10] Autosave completed
[2023-05-09 10:36:10] Autosave completed
[2023-05-09 10:41:10] Autosave completed
[2023-05-09 10:46:10] Autosave completed
[2023-05-09 10:51:10] Autosave completed
[2023-05-09 10:56:10] Autosave completed
[2023-05-09 11:01:10] Autosave completed
[2023-05-09 11:06:10] Autosave completed
[2023-05-09 11:11:10] Autosave completed
[2023-05-09 11:16:10] Autosave completed
[2023-05-09 11:21:10] Autosave completed
[2023-05-09 11:26:10] Autosave completed
[2023-05-09 11:31:10] Autosave completed
[2023-05-09 11:36:10] Autosave completed
[2023-05-09 11:41:10] Autosave completed
[2023-05-09 11:43:07] User 'tochka' logged in with nickname 'EasyCrackers24'
[2023-05-09 11:43:38] User 'tochka' has logged out (EasyCrackers24)
[2023-05-09 11:46:10] Autosave completed
[2023-05-09 11:51:10] Autosave completed
[2023-05-09 11:56:10] Autosave completed
[2023-05-09 11:59:11] User 'tochka' logged in with nickname 'TO#0000CCCH#800000KA'
[2023-05-09 12:01:10] Autosave completed
[2023-05-09 12:02:41] User 'tochka' has logged out (TO#0000CCCH#800000KA)
[2023-05-09 12:06:10] Autosave completed
[2023-05-09 12:11:10] Autosave completed
[2023-05-09 12:16:10] Autosave completed
[2023-05-09 12:21:10] Autosave completed
[2023-05-09 12:24:37] User 'Gniliska' logged in with nickname '35.Gni#D8BFD8lishka'
[2023-05-09 12:26:10] Autosave completed
[2023-05-09 12:31:10] Autosave completed
[2023-05-09 12:36:10] Autosave completed
[2023-05-09 12:41:10] Autosave completed
[2023-05-09 12:46:10] Autosave completed
[2023-05-09 12:51:10] Autosave completed
[2023-05-09 12:56:10] Autosave completed
[2023-05-09 12:59:19] User 'Loony' logged in with nickname 'Loony'
[2023-05-09 13:01:10] Autosave completed
[2023-05-09 13:06:10] Autosave completed
[2023-05-09 13:11:11] Autosave completed
[2023-05-09 13:16:11] Autosave completed
[2023-05-09 13:21:11] Autosave completed
[2023-05-09 13:23:43] User 'sheeeshka' logged in with nickname 'trc.#7FFFD4sheeeshken'
[2023-05-09 13:26:11] Autosave completed
[2023-05-09 13:31:11] Autosave completed
[2023-05-09 13:35:04] User 'oira' logged in with nickname 'oira'
[2023-05-09 13:36:11] Autosave completed
[2023-05-09 13:37:44] User 'Mizen' logged in with nickname 'w$cbr.Mizen'
[2023-05-09 13:41:11] Autosave completed
[2023-05-09 13:46:11] Autosave completed
[2023-05-09 13:49:17] User 'Loony' has logged out (Loony)
[2023-05-09 13:51:11] Autosave completed
[2023-05-09 13:56:11] Autosave completed
[2023-05-09 14:01:11] Autosave completed
[2023-05-09 14:06:11] Autosave completed
[2023-05-09 14:11:11] Autosave completed
[2023-05-09 14:15:51] User 'Gniliska' has logged out (35.Gni#D8BFD8lishka)
[2023-05-09 14:16:11] Autosave completed
[2023-05-09 14:21:11] Autosave completed
[2023-05-09 14:24:53] User 'oira' has logged out (oira)
[2023-05-09 14:26:11] Autosave completed
[2023-05-09 14:31:11] Autosave completed
[2023-05-09 14:36:11] Autosave completed
[2023-05-09 14:38:53] User 'sheeeshka' has logged out (trc.#7FFFD4sheeeshken)
[2023-05-09 14:41:11] Autosave completed
[2023-05-09 14:43:56] User 'pel' logged in with nickname 'xa4u_laurel'
[2023-05-09 14:44:15] User 'pel' has logged out (xa4u_laurel)
[2023-05-09 14:44:39] User 'pel' logged in with nickname 'xa4u_laurel'
[2023-05-09 14:45:09] User 'pel' has logged out (xa4u_laurel)
[2023-05-09 14:45:56] User 'pel' logged in with nickname 'xa4u_laurel'
[2023-05-09 14:46:11] Autosave completed
[2023-05-09 14:51:11] Autosave completed
[2023-05-09 14:56:11] Autosave completed
[2023-05-09 14:59:46] New user registered: 'TEARZER'
[2023-05-09 14:59:49] User 'TEARZER' logged in with nickname 'sscp.#732654Yvng_$lxth'
[2023-05-09 15:01:11] Autosave completed
[2023-05-09 15:06:11] Autosave completed
[2023-05-09 15:11:11] Autosave completed
[2023-05-09 15:12:19] User 'tochka' logged in with nickname 'TO#0000CCCH#800000KA'
[2023-05-09 15:12:57] User 'tochka' has logged out (TO#0000CCCH#800000KA)
[2023-05-09 15:16:11] Autosave completed
[2023-05-09 15:21:11] Autosave completed
[2023-05-09 15:26:11] Autosave completed
[2023-05-09 15:31:11] Autosave completed
[2023-05-09 15:32:25] User 'pel' has logged out (xa4u_laurel)
[2023-05-09 15:33:27] User 'pel' logged in with nickname 'xa4u_laurel'
[2023-05-09 15:35:55] User 'flyt' logged in with nickname 'Ascon'
[2023-05-09 15:36:11] Autosave completed
[2023-05-09 15:36:40] User 'juug' logged in with nickname 'fdh.juugweb'
[2023-05-09 15:41:11] Autosave completed
[2023-05-09 15:46:11] Autosave completed
[2023-05-09 15:49:32] User 'oira' logged in with nickname 'oira'
[2023-05-09 15:51:11] Autosave completed
[2023-05-09 15:56:11] Autosave completed
[2023-05-09 16:01:11] Autosave completed
[2023-05-09 16:06:11] Autosave completed
[2023-05-09 16:07:20] User 'oira' has logged out (oira)
[2023-05-09 16:07:41] User 'TEARZER' has logged out (sscp.#732654Yvng_$lxth)
[2023-05-09 16:11:11] Autosave completed
[2023-05-09 16:14:29] New user registered: 'risk'
[2023-05-09 16:14:32] User 'risk' logged in with nickname '#555555risk'
[2023-05-09 16:16:11] Autosave completed
[2023-05-09 16:21:11] Autosave completed
[2023-05-09 16:23:11] User 'flyt' has logged out (Ascon)
[2023-05-09 16:23:30] User 'pel' has logged out (xa4u_laurel)
[2023-05-09 16:23:40] User 'NeroXT5' logged in with nickname 'NeroXT5'
[2023-05-09 16:24:20] User 'NeroXT5' has logged out (NeroXT5)
[2023-05-09 16:24:41] User 'CamWhore' logged in with nickname 'jabahkat'
[2023-05-09 16:26:11] Autosave completed
[2023-05-09 16:28:49] User 'styler' logged in with nickname 'oStyleRo'
[2023-05-09 16:31:11] Autosave completed
[2023-05-09 16:36:11] Autosave completed
[2023-05-09 16:41:11] Autosave completed
[2023-05-09 16:46:11] Autosave completed
[2023-05-09 16:48:18] User 'sheeeshka' logged in with nickname 'trc.#7FFFD4sheeeshken'
[2023-05-09 16:51:11] Autosave completed
[2023-05-09 16:56:11] Autosave completed
[2023-05-09 17:01:11] Autosave completed
[2023-05-09 17:06:11] Autosave completed
[2023-05-09 17:11:11] Autosave completed
[2023-05-09 17:13:50] User 'risk' has logged out (#555555risk)
[2023-05-09 17:15:16] User 'juug' has logged out (fdh.juugweb)
[2023-05-09 17:16:11] Autosave completed
[2023-05-09 17:16:22] User 'risk' logged in with nickname '#555555risk'
[2023-05-09 17:19:28] User 'Mizen' has logged out (w$cbr.Mizen)
[2023-05-09 17:21:11] Autosave completed
[2023-05-09 17:26:11] Autosave completed
[2023-05-09 17:31:11] Autosave completed
[2023-05-09 17:33:21] New user registered: 'Tajik228'
[2023-05-09 17:33:23] User 'Tajik228' logged in with nickname 'SaDaM_HuYsEiN'
[2023-05-09 17:36:11] Autosave completed
[2023-05-09 17:39:47] User 'risk' has logged out (#555555risk)
[2023-05-09 17:41:11] Autosave completed
[2023-05-09 17:46:11] Autosave completed
[2023-05-09 17:51:11] Autosave completed
[2023-05-09 17:53:21] User 'styler' has logged out (oStyleRo)
[2023-05-09 17:54:32] User 'CamWhore' has logged out (jabahkat)
[2023-05-09 17:56:11] Autosave completed
[2023-05-09 18:01:11] Autosave completed
[2023-05-09 18:06:11] Autosave completed
[2023-05-09 18:11:11] Autosave completed
[2023-05-09 18:15:26] User 'sheeeshka' has logged out (trc.#7FFFD4sheeeshken)
[2023-05-09 18:16:11] Autosave completed
[2023-05-09 18:18:08] User 'Tajik228' has logged out (SaDaM_HuYsEiN)
[2023-05-09 18:21:11] Autosave completed
[2023-05-09 18:22:47] User 'sheeeshka' logged in with nickname 'trc.#7FFFD4sheeeshken'
[2023-05-09 18:25:07] User 'Sidelev' logged in with nickname '7.62|kao|Cryingdevilz'
[2023-05-09 18:26:11] Autosave completed
[2023-05-09 18:31:11] Autosave completed
[2023-05-09 18:36:11] Autosave completed
[2023-05-09 18:41:11] Autosave completed
[2023-05-09 18:46:11] Autosave completed
[2023-05-09 18:51:11] Autosave completed
[2023-05-09 18:56:11] Autosave completed
[2023-05-09 19:01:11] Autosave completed
[2023-05-09 19:06:11] Autosave completed
[2023-05-09 19:11:12] Autosave completed
[2023-05-09 19:13:27] User 'Mizen' logged in with nickname 'w$cbr.Mizen'
[2023-05-09 19:16:12] Autosave completed
[2023-05-09 19:21:12] Autosave completed
[2023-05-09 19:26:12] Autosave completed
[2023-05-09 19:31:12] Autosave completed
[2023-05-09 19:36:12] Autosave completed
[2023-05-09 19:40:43] User 'Vladosek' logged in with nickname '#000000s1ncere'
[2023-05-09 19:41:12] Autosave completed
[2023-05-09 19:46:12] Autosave completed
[2023-05-09 19:49:31] User 'TEARZER' logged in with nickname 'sscp.#732654Yvng_$lxth'
[2023-05-09 19:51:12] Autosave completed
[2023-05-09 19:56:12] Autosave completed
[2023-05-09 20:01:12] Autosave completed
[2023-05-09 20:06:12] Autosave completed
[2023-05-09 20:11:12] Autosave completed
[2023-05-09 20:16:12] Autosave completed
[2023-05-09 20:21:12] Autosave completed
[2023-05-09 20:23:37] User 'Vladosek' has logged out (#000000s1ncere)
[2023-05-09 20:26:12] Autosave completed
[2023-05-09 20:29:55] User 'tochka' logged in with nickname 'TO#0000CCCH#800000KA'
[2023-05-09 20:31:12] Autosave completed
[2023-05-09 20:31:57] User 'Mizen' has logged out (w$cbr.Mizen)
[2023-05-09 20:36:12] Autosave completed
[2023-05-09 20:41:12] Autosave completed
[2023-05-09 20:46:12] Autosave completed
[2023-05-09 20:49:50] User 'Sidelev' has logged out (7.62|kao|Cryingdevilz)
[2023-05-09 20:51:12] Autosave completed
[2023-05-09 20:51:40] User 'Sidelev' logged in with nickname '7.62|kao|Cryingdevilz'
[2023-05-09 20:53:14] User 'tochka' has logged out (TO#0000CCCH#800000KA)
[2023-05-09 20:56:12] Autosave completed
[2023-05-09 21:01:12] Autosave completed
[2023-05-09 21:06:12] Autosave completed
[2023-05-09 21:07:10] User 'sheeeshka' has logged out (trc.#7FFFD4sheeeshken)
[2023-05-09 21:08:02] User 'sheeeshka' logged in with nickname 'trc.#7FFFD4sheeeshken'
[2023-05-09 21:11:12] Autosave completed
[2023-05-09 21:15:53] User 'sheeeshka' has logged out (trc.#7FFFD4sheeeshken)
[2023-05-09 21:16:12] Autosave completed
[2023-05-09 21:16:18] User 'sheeeshka' logged in with nickname 'trc.#7FFFD4sheeeshken'
[2023-05-09 21:21:12] Autosave completed
[2023-05-09 21:21:51] User 'juug' logged in with nickname 'fdh.juugweb'
[2023-05-09 21:26:12] Autosave completed
[2023-05-09 21:26:40] User 'TEARZER' has logged out (sscp.#732654Yvng_$lxth)
[2023-05-09 21:26:48] User 'juug' has logged out (fdh.juugweb)
[2023-05-09 21:27:41] User 'juug' logged in with nickname 'fdh.juugweb'
[2023-05-09 21:29:17] User 'juug' has logged out (fdh.juugweb)
[2023-05-09 21:31:12] Autosave completed
[2023-05-09 21:36:12] Autosave completed
[2023-05-09 21:41:12] Autosave completed
[2023-05-09 21:46:12] Autosave completed
[2023-05-09 21:51:12] Autosave completed
[2023-05-09 21:56:12] Autosave completed
[2023-05-09 22:01:12] Autosave completed
[2023-05-09 22:06:07] User 'sheeeshka' has logged out (trc.#7FFFD4sheeeshken)
[2023-05-09 22:06:12] Autosave completed
[2023-05-09 22:09:00] User 'sheeeshka' logged in with nickname 'trc.#7FFFD4sheeeshken'
[2023-05-09 22:11:12] Autosave completed
[2023-05-09 22:16:12] Autosave completed
[2023-05-09 22:21:12] Autosave completed
[2023-05-09 22:26:05] User 'suthebgtwta' logged in with nickname 'trc.suthe#ffccccbgtwta'
[2023-05-09 22:26:12] Autosave completed
[2023-05-09 22:30:15] User 'suthebgtwta' has logged out (trc.suthe#ffccccbgtwta)
[2023-05-09 22:31:12] Autosave completed
[2023-05-09 22:36:12] Autosave completed
[2023-05-09 22:41:12] Autosave completed
[2023-05-09 22:46:12] Autosave completed
[2023-05-09 22:51:12] Autosave completed
[2023-05-09 22:56:12] Autosave completed
[2023-05-09 23:01:12] Autosave completed
[2023-05-09 23:06:12] Autosave completed
[2023-05-09 23:11:12] Autosave completed
[2023-05-09 23:16:12] Autosave completed
[2023-05-09 23:21:12] Autosave completed
[2023-05-09 23:24:12] User 'Sidelev' has logged out (7.62|kao|Cryingdevilz)
[2023-05-09 23:26:12] Autosave completed
[2023-05-09 23:29:28] User 'sheeeshka' has logged out (trc.#7FFFD4sheeeshken)
[2023-05-09 23:31:12] Autosave completed
[2023-05-09 23:36:12] Autosave completed
[2023-05-09 23:41:13] Autosave completed
[2023-05-09 23:46:13] Autosave completed
[2023-05-09 23:46:19] New user registered: 'hanka'
[2023-05-09 23:46:21] User 'hanka' logged in with nickname '#000000sanyaoper12'
[2023-05-09 23:51:13] Autosave completed
[2023-05-09 23:51:35] User 'hanka' has logged out (#000000sanyaoper12)
[2023-05-09 23:56:13] Autosave completed
[2023-05-10 00:01:13] Autosave completed
[2023-05-10 00:06:13] Autosave completed
[2023-05-10 00:11:13] Autosave completed
[2023-05-10 00:16:13] Autosave completed
[2023-05-10 00:18:32] User 'tochka' logged in with nickname 'TO#0000CCCH#800000KA'
[2023-05-10 00:19:12] User 'tochka' has logged out (TO#0000CCCH#800000KA)
[2023-05-10 00:21:13] Autosave completed
[2023-05-10 00:26:13] Autosave completed
[2023-05-10 00:31:13] Autosave completed
[2023-05-10 00:36:13] Autosave completed
[2023-05-10 00:41:13] Autosave completed
[2023-05-10 00:46:13] Autosave completed
[2023-05-10 00:51:13] Autosave completed
[2023-05-10 00:56:13] Autosave completed
[2023-05-10 01:01:13] Autosave completed
[2023-05-10 01:06:13] Autosave completed
[2023-05-10 01:11:13] Autosave completed
[2023-05-10 01:16:13] Autosave completed
[2023-05-10 01:21:13] Autosave completed
[2023-05-10 01:26:13] Autosave completed
[2023-05-10 01:31:13] Autosave completed
[2023-05-10 01:36:13] Autosave completed
[2023-05-10 01:41:13] Autosave completed
[2023-05-10 01:46:13] Autosave completed
[2023-05-10 01:51:13] Autosave completed
[2023-05-10 01:56:13] Autosave completed
[2023-05-10 02:01:13] Autosave completed
[2023-05-10 02:06:13] Autosave completed
[2023-05-10 02:11:13] Autosave completed
[2023-05-10 02:16:13] Autosave completed
[2023-05-10 02:21:13] Autosave completed
[2023-05-10 02:26:13] Autosave completed
[2023-05-10 02:31:13] Autosave completed
[2023-05-10 02:36:13] Autosave completed
[2023-05-10 02:41:13] Autosave completed
[2023-05-10 02:46:13] Autosave completed
[2023-05-10 02:51:13] Autosave completed
[2023-05-10 02:56:13] Autosave completed
[2023-05-10 03:01:13] Autosave completed
[2023-05-10 03:06:13] Autosave completed
[2023-05-10 03:07:29] New user registered: '00bserver'
[2023-05-10 03:07:31] User '00bserver' logged in with nickname 'juggclub@00bserver'
[2023-05-10 03:11:13] Autosave completed
[2023-05-10 03:13:52] User '00bserver' has logged out (juggclub@00bserver)
[2023-05-10 03:16:13] Autosave completed
[2023-05-10 03:21:13] Autosave completed
[2023-05-10 03:26:13] Autosave completed
[2023-05-10 03:31:13] Autosave completed
[2023-05-10 03:36:13] Autosave completed
[2023-05-10 03:41:13] Autosave completed
[2023-05-10 03:46:13] Autosave completed
[2023-05-10 03:51:13] Autosave completed
[2023-05-10 03:56:13] Autosave completed
[2023-05-10 04:01:14] Autosave completed
[2023-05-10 04:06:14] Autosave completed
[2023-05-10 04:11:14] Autosave completed
[2023-05-10 04:16:14] Autosave completed
[2023-05-10 04:21:14] Autosave completed
[2023-05-10 04:26:14] Autosave completed
[2023-05-10 04:31:14] Autosave completed
[2023-05-10 04:36:14] Autosave completed
[2023-05-10 04:41:14] Autosave completed
[2023-05-10 04:46:14] Autosave completed
[2023-05-10 04:51:14] Autosave completed
[2023-05-10 04:56:14] Autosave completed
[2023-05-10 05:01:14] Autosave completed
[2023-05-10 05:06:14] Autosave completed
[2023-05-10 05:11:14] Autosave completed
[2023-05-10 05:16:14] Autosave completed
[2023-05-10 05:21:14] Autosave completed
[2023-05-10 05:26:14] Autosave completed
[2023-05-10 05:31:14] Autosave completed
[2023-05-10 05:36:14] Autosave completed
[2023-05-10 05:41:14] Autosave completed
[2023-05-10 05:46:14] Autosave completed
[2023-05-10 05:51:14] Autosave completed
[2023-05-10 05:56:14] Autosave completed
[2023-05-10 06:01:14] Autosave completed
[2023-05-10 06:06:14] Autosave completed
[2023-05-10 06:11:14] Autosave completed
[2023-05-10 06:16:14] Autosave completed
[2023-05-10 06:21:10] Autosave completed
[2023-05-10 06:26:10] Autosave completed
[2023-05-10 06:31:10] Autosave completed
[2023-05-10 06:36:10] Autosave completed
[2023-05-10 06:41:10] Autosave completed
[2023-05-10 06:46:10] Autosave completed
[2023-05-10 06:51:10] Autosave completed
[2023-05-10 06:56:10] Autosave completed
[2023-05-10 07:01:10] Autosave completed
[2023-05-10 07:06:10] Autosave completed
[2023-05-10 07:11:10] Autosave completed
[2023-05-10 07:16:10] Autosave completed
[2023-05-10 07:21:10] Autosave completed
[2023-05-10 07:26:10] Autosave completed
[2023-05-10 07:29:23] New user registered: 'Reyes'
[2023-05-10 07:29:25] User 'Reyes' logged in with nickname 'AncientHatchet58'
[2023-05-10 07:30:49] User 'Reyes' has logged out (AncientHatchet58)
[2023-05-10 07:31:10] Autosave completed
[2023-05-10 07:36:10] Autosave completed
[2023-05-10 07:41:10] Autosave completed
[2023-05-10 07:46:10] Autosave completed
[2023-05-10 07:51:10] Autosave completed
[2023-05-10 07:56:10] Autosave completed
[2023-05-10 07:59:48] User 'oira' logged in with nickname 'oira'
[2023-05-10 08:01:10] Autosave completed
[2023-05-10 08:06:10] Autosave completed
[2023-05-10 08:11:10] Autosave completed
[2023-05-10 08:16:10] Autosave completed
[2023-05-10 08:21:10] Autosave completed
[2023-05-10 08:26:10] Autosave completed
[2023-05-10 08:31:10] Autosave completed
[2023-05-10 08:36:10] Autosave completed
[2023-05-10 08:41:10] Autosave completed
[2023-05-10 08:46:10] Autosave completed
[2023-05-10 08:51:10] Autosave completed
[2023-05-10 08:56:10] Autosave completed
[2023-05-10 09:01:10] Autosave completed
[2023-05-10 09:06:10] Autosave completed
[2023-05-10 09:11:10] Autosave completed
[2023-05-10 09:16:10] Autosave completed
[2023-05-10 09:21:10] Autosave completed
[2023-05-10 09:26:10] Autosave completed
[2023-05-10 09:29:59] User 'Sidelev' logged in with nickname '7.62|kao|Cryingdevilz'
[2023-05-10 09:31:10] Autosave completed
