[2023-05-20 02:07:54] Key activated: TRC2022 for 7.62|kao|Cryingdevilz
[2023-05-20 02:08:10] Key activated: TRC2022 for 7.62|kao|Cryingdevilz
[2023-05-20 02:09:37] Key activated: TRC2022 for 7.62|kao|Cryingdevilz
[2023-05-20 02:28:03] Key activated: TRC for 7.62|kao|Cryingdevilz
[2023-05-20 02:31:51] Key activated: TRC for 7.62|kao|Cryingdevilz
[2023-05-20 02:31:54] Key activated: TRC for 7.62|kao|Cryingdevilz
[2023-05-20 02:31:56] Key activated: TRC for 7.62|kao|Cryingdevilz
[2023-05-20 02:32:01] Key activated: TRC for 7.62|kao|Cryingdevilz
[2023-05-20 02:32:04] Key activated: TRC for 7.62|kao|Cryingdevilz
[2023-05-20 02:32:06] Key activated: TRC for 7.62|kao|Cryingdevilz
[2023-05-20 02:37:26] Key activated: TRC for 7.62|kao|Cryingdevilz
[2023-05-20 02:42:06] Key activated: TRC for 7.62|kao|Cryingdevilz
[2023-05-20 02:42:49] Key activated: TRC for 7.62|kao|Cryingdevilz
[2023-05-27 00:46:04] Key activated: TRC for 7.62|kao|SmokingDevilz
[2023-05-27 00:48:06] Key activated: TRC for 7.62|kao|SmokingDevilz
[2023-05-27 00:50:50] Key activated: TRC for 7.62|kao|SmokingDevilz
[2023-05-27 01:05:13] Key activated: TRC for 7.62|kao|SmokingDevilz
[2023-05-27 01:08:55] Key activated: TRC for 7.62|kao|SmokingDevilz
[2023-05-27 01:10:27] Key activated: TRC for 7.62|kao|SmokingDevilz
[2023-05-27 01:13:34] Key activated: TRC for 7.62|kao|SmokingDevilz
[2023-05-27 01:18:05] Key activated: TRC for 7.62|kao|SmokingDevilz
[2023-05-27 01:20:59] Key activated: TRC for 7.62|kao|SmokingDevilz
[2023-05-27 01:23:51] Key activated: TRC for 7.62|kao|SmokingDevilz
[2023-05-27 01:26:54] Key activated: TRC for 7.62|kao|SmokingDevilz
[2023-05-27 01:29:12] Key activated: TRC for 7.62|kao|SmokingDevilz
[2023-05-27 01:34:06] Key activated: TRC for 7.62|kao|SmokingDevilz
[2023-05-27 01:35:41] Key activated: TRC for 7.62|kao|SmokingDevilz
[2023-05-27 01:38:36] Key activated: TRC for 7.62|kao|SmokingDevilz
[2023-05-27 01:39:51] Key activated: TRC for 7.62|kao|SmokingDevilz
[2023-05-27 01:43:07] Key activated: TRC for 7.62|kao|SmokingDevilz
[2023-05-27 01:43:10] Key activated: TRC for 7.62|kao|SmokingDevilz
[2023-05-27 01:44:24] Key activated: TRC for 7.62|kao|SmokingDevilz
[2023-05-27 01:44:28] Key activated: TRC for 7.62|kao|SmokingDevilz
[2023-05-27 01:44:48] Key activated: TRC for 7.62|kao|SmokingDevilz
[2023-06-06 23:16:48] Key activated: TRC2023 for 7.62|kao|SmokingDevilz
[2023-06-06 23:19:44] Key activated: TRC2023 for 7.62|kao|SmokingDevilz
[2023-06-06 23:21:39] Key activated: TRC2023 for 7.62|kao|SmokingDevilz
[2023-06-06 23:27:13] Key activated: TRC2023 for 7.62|kao|SmokingDevilz
[2023-06-06 23:31:23] Key activated: TRC2023 for 7.62|kao|SmokingDevilz
[2023-06-06 23:33:23] Key activated: TRC2023 for 7.62|kao|SmokingDevilz
[2023-06-06 23:43:47] Key activated: TRC2023 for trc.suthe#ff99ccbgtwta
[2023-06-07 01:27:24] Key activated: TRC2023 for crllarymnd.#900055Saab
[2023-06-07 08:01:39] Key activated: TRC2023 for #909090F1sti
[2023-06-07 08:55:00] Key activated: TRC2023 for Silva
[2023-06-07 09:16:02] Key activated: TRC2023 for LyingYak75
[2023-06-07 09:17:05] Key activated: TRC2023 for ego
[2023-06-07 10:37:28] Key activated: TRC2023 for Ray.
[2023-06-07 11:14:09] Key activated: TRC2023 for dewwsowers
[2023-06-07 13:59:52] Key activated: TRC2023 for www.sperma.crew/tetrar
[2023-06-07 15:02:05] Key activated: TRC2023 for Artem4ik
[2023-06-07 15:58:31] Key activated: TRC2023 for Molly
[2023-06-07 19:34:28] Key activated: TRC2023 for vladelec#FF9966klasiki
[2023-06-07 20:03:52] Key activated: TRC2023 for Jamal
[2023-06-07 20:15:46] Key activated: TRC2023 for #696969~Dunya
[2023-06-07 20:40:02] Key activated: TRC2023 for #666666sliva
[2023-06-07 20:52:26] Key activated: TRC2023 for NAME21o1
[2023-06-07 21:06:09] Key activated: TRC2023 for 111444888881324]
[2023-06-08 10:11:29] Key activated: TRC2023 for Loony
[2023-06-08 11:56:14] Key activated: TRC2023 for #FFFF00kotyatkinn
[2023-06-08 17:11:54] Key activated: TRC2023 for sfsc.#ffba00pipa
[2023-06-08 18:59:04] Key activated: TRC2023 for www.sperma.crew/tetrar
[2023-06-08 20:09:25] Key activated: TRC2023 for vladelec#FF9966klasiki
[2023-06-08 20:55:10] Key activated: TRC2023 for #696969~Dunya
[2023-06-08 21:54:37] Key activated: TRC2023 for ego
[2023-06-09 05:43:54] Key activated: TRC2023 for 7.62|kao|SmokingDevilz
[2023-06-09 07:33:27] Key activated: TRC2023 for LyingYak75
[2023-06-09 09:20:52] Key activated: TRC2023 for #909090F1sti
[2023-06-09 12:46:03] Key activated: TRC2023 for lovesomeplugg3
[2023-06-09 13:36:50] Key activated: TRC2023 for stripuxa
[2023-06-09 13:48:16] Key activated: TRC2023 for smyz
[2023-06-09 16:07:33] Key activated: TRC2023 for MushyCanal6
[2023-06-09 16:35:51] Key activated: TRC2023 for Riddxzoll
[2023-06-09 17:05:12] Key activated: TRC2023 for twincam?
[2023-06-09 17:32:42] Key activated: TRC2023 for Spotligh873
[2023-06-09 18:02:35] Key activated: TRC2023 for dreamenddischarger
[2023-06-09 19:09:57] Key activated: TRC2023 for NoxiousUsher96
[2023-06-09 20:59:33] Key activated: TRC2023 for bavar-govnoLachkid
[2023-06-09 22:27:26] Key activated: TRC2023 for #696969~Dunya
[2023-06-09 22:35:08] Key activated: TRC2023 for vladelec#FF9966klasiki
[2023-06-09 22:41:32] Key activated: TRC2023 for bavar!#F08080ECLEEER<3
[2023-06-09 22:41:32] Key activated: TRC2023 for Lyanzix
[2023-06-10 00:42:45] Key activated: TRC2023 for m3ll
[2023-06-10 03:04:01] Key activated: TRC2023 for C|#32CD32Cactus
[2023-06-10 13:36:21] Key activated: TRC2023 for SpecPhobos
[2023-06-10 18:31:55] Key activated: TRC2023 for Loony
[2023-06-10 20:40:58] Key activated: TRC2023 for Ray.
[2023-06-10 23:03:20] Key activated: TRC2023 for #696969~Dunya
[2023-06-10 23:04:42] Key activated: TRC2023 for vladelec#FF9966klasiki
[2023-06-10 23:19:06] Key activated: TRC2023 for ego
[2023-06-11 08:47:13] Key activated: TRC2023 for 1488CKUHok
