[2023-05-08 09:40:51] Player VagueRetina1 changed nickname to $wiggiB4RN
[2023-05-08 22:24:53] Player OrganicSandbar86 changed nickname to NeroXT5
[2023-05-10 21:48:43] Player SteepCeilingfan78 changed nickname to Gosha_Gng
[2023-05-10 21:48:52] Player Gosha_Gng changed nickname to Gosha_Gang
[2023-05-10 21:49:41] Player Polymagki changed nickname to Kio_Optima
[2023-05-11 17:06:02] Player AncientHatchet58 changed nickname to Tracy
[2023-05-11 17:06:42] Player Tracy changed nickname to #meth
[2023-05-11 18:00:45] Player UnderstoodCaboose42 changed nickname to Impuls
[2023-05-11 18:22:45] Player K055KT changed nickname to ask666
[2023-05-11 18:23:10] Player ask666 changed nickname to magesh
[2023-05-14 21:22:27] Player NiftyAlder95 changed nickname to d1xt
[2023-05-15 03:38:23] Player ShinyPlants10 changed nickname to ruthlesscowboi
[2023-05-17 13:18:39] Player #FFFF00dalbaeb changed nickname to #FFFF00kotyatkinn
[2023-05-17 16:31:29] Player 383829930 changed nickname to depressedkid
[2023-05-17 18:57:44] Player LeftHeaven1 changed nickname to trc.#7FFFD4sheeeshken
[2023-05-17 22:20:34] Player tesachokhahahaha changed nickname to bavar!klad228
[2023-05-17 22:45:15] Player Krucexs changed nickname to suicidelexus
[2023-05-17 23:07:07] Player Champagne_Squirt changed nickname to 2poi~bavarBlackSide
[2023-05-18 12:55:40] Player uL2buKCKm8WL changed nickname to salt.com//nasway!
[2023-05-18 20:48:45] Player IckySaxophone33 changed nickname to #555555VlaDoS
[2023-05-18 21:42:29] Player sato4 changed nickname to 666avar~#ffd800sato4
[2023-05-18 21:48:31] Player CowardlyKouprey56 changed nickname to Va1erianin
[2023-05-19 10:30:44] Player TallFruit89 changed nickname to Genez1s!
[2023-05-19 15:52:21] Player #ffffff171 changed nickname to #000000171
[2023-05-19 16:56:56] Player bavar!klad228 changed nickname to #FFDEADbavar!klad228
[2023-05-19 16:58:23] Player newrock changed nickname to w$cbr.dior
[2023-05-19 16:58:31] Player frankplug changed nickname to #3aeba1frankplug
[2023-05-19 17:11:32] Player #FFFF00kotyatkinn changed nickname to #FFFF00Vasya_Shishkin
[2023-05-19 17:11:50] Player #FFFF00Vasya_Shishkin changed nickname to #FFFF00kotyatkinn
[2023-05-19 18:14:46] Player GrievingBirdcage81 changed nickname to ego
[2023-05-19 18:24:19] Player #3aeba1frankplug changed nickname to TO#0000ffCH#FF0000KA
[2023-05-19 18:25:22] Player TO#0000ffCH#FF0000KA changed nickname to TO#0000ffCH#A70000KA
[2023-05-19 18:25:34] Player TO#0000ffCH#A70000KA changed nickname to TO#0000ffCH#960000KA
[2023-05-19 18:28:40] Player TO#0000ffCH#960000KA changed nickname to TO#0000ffCH#800032KA
[2023-05-19 18:29:36] Player TO#0000ffCH#800032KA changed nickname to TO#0000ffCH#960018KA
[2023-05-19 18:30:35] Player TO#0000ffCH#960018KA changed nickname to TO#0000ffCH#801818KA
[2023-05-19 18:32:33] Player TO#0000ffCH#801818KA changed nickname to TO#0000ffCH#800000KA
[2023-05-19 18:37:39] Player TO#0000ffCH#800000KA changed nickname to GETSHYNE
[2023-05-19 18:38:15] Player GETSHYNE changed nickname to #00E091GETSHYNE
[2023-05-19 18:38:34] Player #00E091GETSHYNE changed nickname to TO#0000ffCH#800000KA
[2023-05-19 18:40:13] Player TO#0000ffCH#800000KA changed nickname to #00E091GETSHYNE
[2023-05-19 18:40:26] Player #00E091GETSHYNE changed nickname to TO#0000ffCH#800000KA
[2023-05-19 18:41:18] Player TO#0000ffCH#800000KA changed nickname to TO#000080CH#800000KA
[2023-05-19 18:41:26] Player TO#000080CH#800000KA changed nickname to TO#000050CH#800000KA
[2023-05-19 18:41:55] Player TO#000050CH#800000KA changed nickname to TO#0000AFCH#800000KA
[2023-05-19 21:26:53] Player UNITAZ2003HUYPIZDA1488 changed nickname to eblan.fxckxnscxpe
[2023-05-19 22:11:49] Player #000000#sqeez changed nickname to #000000escape
[2023-05-19 23:12:51] Player 2 changed nickname to SunBagum2
[2023-05-20 12:53:15] Player XACXACXACXACXACXACXAC changed nickname to DepresssedMade
[2023-05-20 13:23:07] Player fxckxn.bavar!ecler<3 changed nickname to bavar!#000000ecler<3
[2023-05-20 13:28:40] Player trc.#7FFFD4sheeeshken changed nickname to trc.#00FF00sheeeshken
[2023-05-20 13:29:05] Player #FFFF00kotyatkinn changed nickname to #00FF00kotyatkinn
[2023-05-20 13:29:32] Player #00FF00kotyatkinn changed nickname to #FFFF00kotyatkinn
[2023-05-20 13:29:44] Player trc.#00FF00sheeeshken changed nickname to trc.#3CB371sheeeshken
[2023-05-20 13:30:22] Player bavar!#000000ecler<3 changed nickname to bavar|#000000ecler<3
[2023-05-20 13:51:17] Player Dior changed nickname to w$cbr.Dior
[2023-05-20 14:09:16] Player RainyCommando51 changed nickname to kirkorov4kboy
[2023-05-20 14:41:08] Player ToweringBow59 changed nickname to #000000S1ncere
[2023-05-20 14:47:25] Player TO#0000AFCH#800000KA changed nickname to #3aeba1frankplug
[2023-05-20 22:59:07] Player FreezingStorm95 changed nickname to tetrar88
[2023-05-20 22:59:18] Player eroguro changed nickname to bashing!.operessence
[2023-05-20 23:13:58] Player bashing!.operessence changed nickname to www.sperma-crew.sakura
[2023-05-20 23:14:04] Player tetrar88 changed nickname to www.sperma.crew.jp
[2023-05-21 00:01:46] Player slavalox changed nickname to pxskostrxj
[2023-05-21 11:04:46] Player WholesalePithhelmet61 changed nickname to WholeLotta
[2023-05-21 11:04:59] Player WholeLotta changed nickname to qrtrq
[2023-05-21 13:17:36] Player ma.cher1e changed nickname to landau312vx
[2023-05-21 13:44:49] Player #000000sorta... changed nickname to npme#deadedpxssyplaya
[2023-05-21 14:17:08] Player burning~debosh! changed nickname to burning.debosh!
[2023-05-21 17:03:26] Player www.sperma.crew.jp changed nickname to www.sperma.crew/tetrar
[2023-05-21 17:03:48] Player www.sperma-crew.sakura changed nickname to www.sperma-crew/sakura
[2023-05-21 17:27:13] Player FutureWaiter44 changed nickname to StyleUp|Mighty
[2023-05-21 17:45:15] Player #FFDEADbavar!klad228 changed nickname to bavar!#FFDEADklad228
[2023-05-21 21:42:41] Player FairTurtle25 changed nickname to Larcev
[2023-05-21 21:42:53] Player IIpu4uHa:rule11 changed nickname to w$cbr.Dior
[2023-05-21 21:48:13] Player eblan.fxckxnscxpe changed nickname to www.v-opt.co.jp
[2023-05-21 22:47:10] Player Rayy changed nickname to Ray.
[2023-05-22 10:40:25] Player FairTurtle25 changed nickname to Larcev
[2023-05-22 11:36:26] Player zavor changed nickname to 4opiks
[2023-05-22 13:23:50] Player BG|#808080static changed nickname to GTL|#808080static
[2023-05-22 13:29:48] Player bavar|#000000ecler<3 changed nickname to bavar!#002200ecler<3
[2023-05-22 13:29:58] Player bavar!#002200ecler<3 changed nickname to bavar!#112200ecler<3
[2023-05-22 13:30:10] Player bavar!#112200ecler<3 changed nickname to bavar!#004000ecler<3
[2023-05-22 13:30:24] Player #000000escape changed nickname to #23643escape
[2023-05-22 13:30:27] Player bavar!#004000ecler<3 changed nickname to bavar!#32501ecler<3
[2023-05-22 13:30:48] Player #23643escape changed nickname to #236430escape
[2023-05-22 13:31:03] Player bavar!#32501ecler<3 changed nickname to bavar!#532000ecler<3
[2023-05-22 13:31:32] Player #236430escape changed nickname to #384870escape
[2023-05-22 13:31:38] Player bavar!#532000ecler<3 changed nickname to bavar!#4682B4ecler<3
[2023-05-22 13:32:22] Player bavar!#4682B4ecler<3 changed nickname to bavar!#384870ecler<3
[2023-05-22 13:32:34] Player #384870escape changed nickname to #304870escape
[2023-05-22 13:32:45] Player #304870escape changed nickname to #300870escape
[2023-05-22 13:32:48] Player bavar!#384870ecler<3 changed nickname to bavar!#304870ecler<3
[2023-05-22 13:33:09] Player #300870escape changed nickname to #300870e#98467scape
[2023-05-22 13:33:15] Player bavar!#304870ecler<3 changed nickname to bavar!#302870ecler<3
[2023-05-22 13:33:25] Player bavar!#302870ecler<3 changed nickname to bavar!#307870ecler<3
[2023-05-22 13:33:29] Player #300870e#98467scape changed nickname to #384870escape
[2023-05-22 13:33:33] Player bavar!#307870ecler<3 changed nickname to bavar!#301870ecler<3
[2023-05-22 13:33:49] Player bavar!#301870ecler<3 changed nickname to bavar!#309870ecler<3
[2023-05-22 13:34:07] Player #384870escape changed nickname to #384870e#746686scape
[2023-05-22 13:34:07] Player bavar!#309870ecler<3 changed nickname to bavar!#309970ecler<3
[2023-05-22 13:34:20] Player bavar!#309970ecler<3 changed nickname to bavar!#308770ecler<3
[2023-05-22 13:34:42] Player bavar!#308770ecler<3 changed nickname to bavar!#746686ecler<3
[2023-05-22 13:37:30] Player bavar!#746686ecler<3 changed nickname to bavar!#FA8072ecler<3
[2023-05-22 13:40:24] Player #384870e#746686scape changed nickname to bavar!#7466860escape
[2023-05-22 13:58:31] Player bavar!#7466860escape changed nickname to bavar!#746686escape
[2023-05-22 16:56:14] Player chel changed nickname to tochka
[2023-05-22 16:56:55] Player tochka changed nickname to To4ka
[2023-05-22 16:57:56] Player 7.62|kao|Cryingdevilz changed nickname to AwesomeKnife84
[2023-05-22 16:58:41] Player AwesomeKnife84 changed nickname to 7.62|Kao|CryingCats
[2023-05-22 16:59:46] Player 7.62|Kao|CryingCats changed nickname to 7.62|Kao|CryingRats
[2023-05-22 17:01:32] Player 7.62|Kao|CryingRats changed nickname to ,
[2023-05-22 17:01:48] Player bavar!#FA8072ecler<3 changed nickname to bavar!#FA8072!
[2023-05-22 17:02:15] Player bavar!#FA8072! changed nickname to bavar!#FA8072ecler<3
[2023-05-22 17:02:30] Player , changed nickname to Mega#ff0000Tron
[2023-05-22 17:03:08] Player trc.#3CB371sheeeshken changed nickname to solevoyporscheeb
[2023-05-22 17:03:16] Player Mega#ff0000Tron changed nickname to viviPutlen
[2023-05-22 17:03:46] Player bavar!#FA8072ecler<3 changed nickname to soleviyPidoras
[2023-05-22 17:04:04] Player viviPutlen changed nickname to 7A|||u|||
[2023-05-22 17:04:10] Player soleviyPidoras changed nickname to bavar!#FA8072ecler<3
[2023-05-22 17:04:33] Player solevoyporscheeb changed nickname to MATEBALTOCHIKISUKA
[2023-05-22 17:04:50] Player 7A|||u||| changed nickname to Admin_TRC
[2023-05-22 17:05:17] Player Admin_TRC changed nickname to TUNED_RACER
[2023-05-22 17:06:28] Player TUNED_RACER changed nickname to SAN_FERMA_STID_CLAP
[2023-05-22 17:07:28] Player SAN_FERMA_STID_CLAP changed nickname to SISKI_FRITUR_SOSI_COCK
[2023-05-22 17:09:52] Player SISKI_FRITUR_SOSI_COCK changed nickname to 7.62|kao|SmokingDevilz
[2023-05-22 18:01:41] Player bavar~rcng!kaliga changed nickname to bavar~000000#kaliga
[2023-05-22 18:01:56] Player bavar~000000#kaliga changed nickname to bavar~#000000kaliga
[2023-05-22 18:02:21] Player bavar~#000000kaliga changed nickname to bavar~#000000kaliga!
[2023-05-22 19:06:53] Player MATEBALTOCHIKISUKA changed nickname to trc.#7FFFD4sheeeshken
[2023-05-22 19:23:57] Player juugnato changed nickname to lovesoomeplugg3
[2023-05-22 19:24:07] Player lovesoomeplugg3 changed nickname to lovesomeplugg3
[2023-05-22 23:27:28] Player bavar!#FA8072ecler<3 changed nickname to bavar!#FA8072exler<3
[2023-05-22 23:27:51] Player bavar!#FA8072exler<3 changed nickname to bavar!#FA8072xclxr<3
[2023-05-22 23:28:08] Player bavar!#FA8072xclxr<3 changed nickname to bavar!#FA8072ecler<3
[2023-05-23 12:58:50] Player i_ebu_operov changed nickname to ghillie
[2023-05-23 18:24:25] Player trc.#7FFFD4sheeeshken changed nickname to trc.#2E8B57sheeeshken
[2023-05-23 23:05:07] Player AbortiveBrulee53 changed nickname to #32CD32Cactus
[2023-05-24 08:17:29] Player EliteMercury90 changed nickname to Lunarplugg
[2023-05-24 22:21:24] Player panacea.#ED760ELisenok changed nickname to 4BK_KY39I_/|AKOMKIH
[2023-05-25 06:11:27] Player F1sti changed nickname to #909090F1sti
[2023-05-25 09:20:18] Player WigglyCoffee90 changed nickname to 163!phizik
[2023-05-25 11:48:26] Player x777ac~#000000elysse^^ changed nickname to inno4ka
[2023-05-25 13:14:54] Player inno4ka changed nickname to x777ac~#000000elysse^^
[2023-05-25 15:26:17] Player ChivalrousCyprus45 changed nickname to siemprejoven
[2023-05-25 16:28:35] Player #000000S1ncere changed nickname to #000000S1ncere.devilz
[2023-05-25 16:28:50] Player #000000S1ncere.devilz changed nickname to #000000S1ncere
[2023-05-25 19:55:36] Player inno4kaaa changed nickname to #CC0066nno4kaaa
[2023-05-25 19:55:42] Player #CC0066nno4kaaa changed nickname to #CC0066inno4kaaa
[2023-05-25 20:53:22] Player 323423423 changed nickname to stase4kaaa
[2023-05-25 21:26:29] Player stase4kaaa changed nickname to 4sv-KappaXgoD
[2023-05-25 21:46:51] Player #CC0066inno4kaaa changed nickname to 4sv~#CC0066inno4kaaa
[2023-05-25 21:52:36] Player 4sv-KappaXgoD changed nickname to 4sv-#000000KappaXgoD
[2023-05-25 21:52:58] Player ShashkiSpb changed nickname to #1111ShashkiSpb
[2023-05-25 21:53:11] Player #1111ShashkiSpb changed nickname to #000000\ShashkiSpb
[2023-05-25 21:53:17] Player #000000\ShashkiSpb changed nickname to #000000ShashkiSpb
[2023-05-25 21:58:24] Player #000000ShashkiSpb changed nickname to !2poibavar~ShashkiSpb
[2023-05-27 08:12:56] Player ScientificRioter30 changed nickname to _RASTIK_
[2023-05-27 15:15:18] Player x4merzzz changed nickname to #AFEEEEx4merzzz
[2023-05-27 18:29:13] Player ashotik_kamshotik changed nickname to quelrazacy
[2023-05-27 20:51:34] Player !2poibavar~ShashkiSpb changed nickname to BnaH_PF
[2023-05-27 20:51:54] Player BnaH_PF changed nickname to BnaH_CyeTa
[2023-05-27 20:54:01] Player BnaH_CyeTa changed nickname to !2poibavar~ShashkiSpb
[2023-05-27 20:57:01] Player ExcellentEland59 changed nickname to Sadamaza
[2023-05-27 21:56:43] Player AbdulKontol changed nickname to Uzivurt
[2023-05-30 03:59:40] Player lixter00 changed nickname to martini00
[2023-05-30 04:00:00] Player martini00 changed nickname to martinipussyboy
[2023-06-02 12:32:55] Player TearfulCarnations94 changed nickname to CocHa
[2023-06-02 23:35:48] Player FlagrantZampone47 changed nickname to Loksta
[2023-06-03 15:40:57] Player WeakChair90 changed nickname to wintertoxic)(00)
[2023-06-04 23:04:58] Player FilthyYarmulke39 changed nickname to POLUPOKER
[2023-06-05 04:47:17] Player BusySpy73 changed nickname to neverwanted666
[2023-06-05 14:33:49] Player SwiftUkulele70 changed nickname to vladelecklassiki
[2023-06-05 16:39:42] Player kenyo changed nickname to akrapov
[2023-06-06 12:47:09] Player BATURO1000 changed nickname to stripuxa
[2023-06-06 13:05:00] Player vladelecklassiki changed nickname to vladelec#FF996klassiki
[2023-06-06 13:05:19] Player vladelec#FF996klassiki changed nickname to vladelec#FF9966klasiki
[2023-06-06 13:34:57] Player #ffba00pipa changed nickname to #ffba00[sfsc]pipa
[2023-06-06 13:35:18] Player #ffba00[sfsc]pipa changed nickname to [sfsc]#ffba00pipa
[2023-06-06 13:35:51] Player [sfsc]#ffba00pipa changed nickname to sfsc.#ffba00pipa
[2023-06-06 17:27:44] Player #696969? changed nickname to #696969~Dunya
[2023-06-06 19:15:56] Player Spotligh873 changed nickname to salt.com//nasway!
[2023-06-07 20:59:51] Player Spotligh873 changed nickname to 111444888881324]
[2023-06-08 16:57:00] Player #FFFF00kotyatkinn changed nickname to #FFFF00kiselkin
[2023-06-08 16:58:40] Player #FFFF00kiselkin changed nickname to #FFFF00kotyatkin
[2023-06-09 17:43:58] Player Spotligh873 changed nickname to salt.com//nasway!
[2023-06-09 18:08:47] Player Spotligh873 changed nickname to 1488CKUHok
[2023-06-09 18:17:58] Player dreamenddischarger changed nickname to #FDBBFFtsunamine
[2023-06-09 18:31:29] Player #FDBBFFtsunamine changed nickname to dreamenddischarger
[2023-06-10 00:35:39] Player HideousFork95 changed nickname to m3ll
[2023-06-10 20:54:17] Player #696969~? changed nickname to #696969~Dunya
[2023-06-10 22:35:51] Player #FF0000bakili_747 changed nickname to #FF0000bakinec
[2023-06-11 13:33:17] Player SubduedSniper71 changed nickname to 6ixsoul
[2023-06-12 17:18:07] Player ManiacalRecliner58 changed nickname to lubitell_kvasa
[2023-06-13 20:20:01] Player DisturbedPeasoup0 changed nickname to MagaSalamaleikum163
[2023-06-14 12:15:53] Player GoodCombatant50 changed nickname to Karich
[2023-06-14 12:16:05] Player DistinctMustache90 changed nickname to VebalNasvai
[2023-06-14 14:26:46] Player SleepyGirl56 changed nickname to Silvia
[2023-06-14 14:27:08] Player Silvia changed nickname to #553300Silvia
[2023-06-14 14:27:52] Player #553300Silvia changed nickname to #EE74E1Silvia
[2023-06-14 14:28:02] Player #EE74E1Silvia changed nickname to #EE74E1trc.Silvia
[2023-06-14 14:28:20] Player #EE74E1trc.Silvia changed nickname to trc.#EE74E1Silvia
[2023-06-15 10:48:43] Player sj_Jigov changed nickname to Blue_Gargamel
[2023-06-15 17:58:58] Player sj_Jigov changed nickname to BlueGargamel
[2023-06-15 21:50:55] Player TypicalZoo67 changed nickname to chester
[2023-06-16 00:09:22] Player sj_Jigov changed nickname to BlueGargamel
[2023-06-16 22:47:52] Player QuickestSwan2 changed nickname to #1F8087Itsuke
[2023-06-16 22:57:48] Player LameTram54 changed nickname to Zealot
[2023-06-17 09:37:47] Player sj_Jigov changed nickname to BlueGargamel
[2023-06-17 11:47:31] Player DeadDove32 changed nickname to uytnenko
[2023-06-17 21:50:28] Player Frezee changed nickname to bavar!klad228
[2023-06-20 18:56:19] Player tsunamine changed nickname to #fdbbfftsunamine
[2023-06-20 22:57:05] Player SmokingDevilz changed nickname to TunedRacers
[2023-06-20 22:59:04] Player TunedRacers changed nickname to CryingDevilz
[2023-06-21 19:09:34] Player AmuckRain80 changed nickname to Tupoerylo
[2023-06-21 19:12:47] Player sfsc.#ffba00pipa changed nickname to solevoy#ffba00pipa
[2023-06-21 19:13:19] Player solevoy#ffba00pipa changed nickname to #ffba00AMG_SHOP
[2023-06-21 19:13:50] Player CryingDevilz changed nickname to Tuned#FF0000Racer
[2023-06-21 19:18:19] Player #ffba00AMG_SHOP changed nickname to #ffba00Salt_Krasnoyars
[2023-06-21 19:18:48] Player #ffba00Salt_Krasnoyars changed nickname to #ffba00SaltKrasnoyarsk
[2023-06-21 19:19:13] Player #ffba00SaltKrasnoyarsk changed nickname to #ffba00Dick_Sucker2003
[2023-06-22 22:42:03] Player #696969~Dunya changed nickname to sfsc.pipa
[2023-06-22 22:42:14] Player sfsc.pipa changed nickname to #696969~Dunya
[2023-06-22 22:42:55] Player #696969~Dunya changed nickname to sfsc.pipa
[2023-06-24 09:25:23] Player FlatEasel90 changed nickname to trc.sheeeshken
[2023-06-25 15:15:08] Player pipa changed nickname to #ffff00pipa
[2023-06-25 16:21:00] Player sfsc.pipa changed nickname to TUNEDRACERS_DEVMOD
[2023-06-25 16:23:01] Player TUNEDRACERS_DEVMOD changed nickname to GAYPIDORANAL
[2023-06-27 17:26:02] Player GAYPIDORANAL changed nickname to #696969~Dunya
[2023-09-10 07:23:34] Player 7.62|kao|SmokingDevilz changed nickname to HUI
[2023-09-10 07:23:43] Player HUI changed nickname to 7.62|kao|SmokingDevilz
[2023-09-10 14:20:00] Player og!#6B8E23sheeeshken changed nickname to trc.#6B8E23sheeeshken
[2023-09-16 10:28:40] Player FearfulWalrus89 changed nickname to salt.com//nasway!
[2023-09-26 10:21:14] Player coldinsaine changed nickname to SRD#333333Dark
[2023-09-31 14:56:58] Player Noname|User changed nickname to Cryingdevilzz
[2023-10-03 23:10:05] Player GeneralCreek4 changed nickname to bigbooty
[2023-10-10 17:56:01] Player PUSSYLICKINGSCOTTIE changed nickname to ~Dunya
[2023-10-12 10:08:32] Player Porebux_Mamaedov98rus changed nickname to 460exizwright
[2023-10-12 10:10:20] Player #ffff00pipa changed nickname to B8860Bpipa
[2023-10-12 10:10:42] Player B8860Bpipa changed nickname to #B8860Bpipa
[2023-10-13 22:33:55] Player CravenBeans87 changed nickname to bstrds/#000000txshaxd
[2023-10-19 13:06:07] Player insomniaws changed nickname to ok
