[2023-05-08 21:20:59] Marcos_Medellin -> TidyBonnet95: ты хуй
[2023-05-08 21:28:38] TidyBonnet95 -> Marcos_Medellin: cфм
[2023-05-08 21:28:41] TidyBonnet95 -> Marcos_Medellin: сам
[2023-05-10 14:58:59] MiqoS -> SteepCeilingfan78: хуй
[2023-05-10 14:59:11] Polymagki -> SteepCeilingfan78: выфвфыфыввфыывффвыывфвфыывфвыффвы
[2023-05-16 22:48:54] !~grill.#F3A8E233iwory -> #000000bomj.jpeg: 123
[2023-05-16 22:49:05] #000000bomj.jpeg -> !~grill.#F3A8E233iwory: дохуя 55
[2023-05-16 22:49:08] #000000bomj.jpeg -> !~grill.#F3A8E233iwory: у меня 43
[2023-05-16 22:49:23] #000000bomj.jpeg -> !~grill.#F3A8E233iwory: у меня мой стоит)
[2023-05-16 22:49:29] #000000bomj.jpeg -> !~grill.#F3A8E233iwory: я ебал скорости эти
[2023-05-16 22:50:27] #000000bomj.jpeg -> !~grill.#F3A8E233iwory: нахуя такие перекаченные настройки вообще
[2023-05-16 22:50:38] #000000bomj.jpeg -> !~grill.#F3A8E233iwory: у меня настройка как у янга типо блять
[2023-05-16 22:50:43] #000000bomj.jpeg -> !~grill.#F3A8E233iwory: +-
[2023-05-16 22:50:47] #000000bomj.jpeg -> !~grill.#F3A8E233iwory: нет
[2023-05-16 22:50:57] #000000bomj.jpeg -> !~grill.#F3A8E233iwory: не буду нах надо проедь на ней сначал
[2023-05-16 22:51:12] #000000bomj.jpeg -> !~grill.#F3A8E233iwory: давай я тебе накину
[2023-05-16 22:51:19] #000000bomj.jpeg -> !~grill.#F3A8E233iwory: на дп так не сделаешь
[2023-05-16 22:51:24] #000000bomj.jpeg -> !~grill.#F3A8E233iwory: ну да
[2023-05-16 22:51:30] #000000bomj.jpeg -> !~grill.#F3A8E233iwory: хуево
[2023-05-16 22:51:55] #000000bomj.jpeg -> !~grill.#F3A8E233iwory: пока есть ввозможность нормально настроить машину я ей воспользуюсь)
[2023-05-16 22:52:20] #000000bomj.jpeg -> !~grill.#F3A8E233iwory: я нфс мост вантед иди на хуй
[2023-05-16 22:52:32] #000000bomj.jpeg -> !~grill.#F3A8E233iwory: даа
[2023-05-16 22:53:07] #000000bomj.jpeg -> !~grill.#F3A8E233iwory: нет
[2023-05-16 22:53:14] #000000bomj.jpeg -> !~grill.#F3A8E233iwory: ты газом работать не можешь что ли
[2023-05-16 22:53:40] #000000bomj.jpeg -> !~grill.#F3A8E233iwory: я и не говорил
[2023-05-16 22:54:23] #000000bomj.jpeg -> !~grill.#F3A8E233iwory: ахахахах ебать ты лоу скилл
[2023-05-16 22:54:34] #000000bomj.jpeg -> !~grill.#F3A8E233iwory: это хендл янга
[2023-05-16 22:54:37] #000000bomj.jpeg -> !~grill.#F3A8E233iwory: для гп
[2023-05-16 22:54:46] #000000bomj.jpeg -> !~grill.#F3A8E233iwory: я нет)
[2023-05-16 22:55:09] #000000bomj.jpeg -> !~grill.#F3A8E233iwory: был бы гп  я бы тебя трахал
[2023-05-16 22:55:29] #000000bomj.jpeg -> !~grill.#F3A8E233iwory: уже несколько лет
[2023-05-16 22:55:39] #000000bomj.jpeg -> !~grill.#F3A8E233iwory: года 4
[2023-05-16 22:56:00] #000000bomj.jpeg -> !~grill.#F3A8E233iwory: а мне какой смысл
[2023-05-16 22:56:23] #000000bomj.jpeg -> !~grill.#F3A8E233iwory: больше
[2023-05-16 22:56:33] #000000bomj.jpeg -> !~grill.#F3A8E233iwory: 4
[2023-05-16 22:56:55] #000000bomj.jpeg -> !~grill.#F3A8E233iwory: жопу закидывает слишком сильно
[2023-05-16 22:56:59] #000000bomj.jpeg -> !~grill.#F3A8E233iwory: нет контроля
[2023-05-16 22:57:29] #000000bomj.jpeg -> !~grill.#F3A8E233iwory: вообще не чувствую
[2023-05-16 22:57:51] #000000bomj.jpeg -> !~grill.#F3A8E233iwory: я лучше сралли бы покатал
[2023-05-16 22:57:54] #000000bomj.jpeg -> !~grill.#F3A8E233iwory: спот лс лв
[2023-05-16 22:58:01] #000000bomj.jpeg -> !~grill.#F3A8E233iwory: на ваге
[2023-05-16 22:58:08] #000000bomj.jpeg -> !~grill.#F3A8E233iwory: сколько там гольф стоит
[2023-05-16 22:59:34] #000000bomj.jpeg -> !~grill.#F3A8E233iwory: так я не менял на свою
[2023-05-16 23:00:37] #000000bomj.jpeg -> !~grill.#F3A8E233iwory: так я еду на ней
[2023-05-16 23:00:46] #000000bomj.jpeg -> !~grill.#F3A8E233iwory: вообще не понимаю как ручник работает
[2023-05-16 23:01:56] #000000bomj.jpeg -> !~grill.#F3A8E233iwory: единственная проблема в том что я не катаю споты и просто их не знаю
[2023-05-16 23:02:35] #000000bomj.jpeg -> !~grill.#F3A8E233iwory: да нах они нужны я лс лв катаю ралли
[2023-05-16 23:02:37] #000000bomj.jpeg -> !~grill.#F3A8E233iwory: вот это кайф
[2023-05-16 23:02:42] #000000bomj.jpeg -> !~grill.#F3A8E233iwory: нет
[2023-05-16 23:03:24] #000000bomj.jpeg -> !~grill.#F3A8E233iwory: у той настройки дохуя ускорения
[2023-05-16 23:03:29] #000000bomj.jpeg -> !~grill.#F3A8E233iwory: которого ей не надо
[2023-05-16 23:04:04] #000000bomj.jpeg -> !~grill.#F3A8E233iwory: она отркыта
[2023-05-16 23:04:47] #000000bomj.jpeg -> !~grill.#F3A8E233iwory: для гп вообще она
[2023-05-16 23:06:10] #000000bomj.jpeg -> !~grill.#F3A8E233iwory: 55
[2023-05-16 23:06:22] #000000bomj.jpeg -> !~grill.#F3A8E233iwory: нахуй тебе выворот больше?
[2023-05-16 23:06:45] #000000bomj.jpeg -> !~grill.#F3A8E233iwory: 55 выворот
[2023-05-16 23:06:55] #000000bomj.jpeg -> !~grill.#F3A8E233iwory: давай покажу
[2023-05-16 23:06:56] #000000bomj.jpeg -> !~grill.#F3A8E233iwory: что ли
[2023-05-16 23:06:58] #000000bomj.jpeg -> !~grill.#F3A8E233iwory: как езжу
[2023-05-16 23:07:03] #000000bomj.jpeg -> !~grill.#F3A8E233iwory: даа
[2023-05-16 23:07:42] #000000bomj.jpeg -> !~grill.#F3A8E233iwory: так он то на гп...
[2023-05-16 23:09:20] #000000bomj.jpeg -> !~grill.#F3A8E233iwory: не на этом
[2023-05-16 23:09:35] #000000bomj.jpeg -> !~grill.#F3A8E233iwory: с вивы
[2023-05-16 23:09:39] #000000bomj.jpeg -> !~grill.#F3A8E233iwory: олд вива
[2023-05-16 23:09:42] #000000bomj.jpeg -> !~grill.#F3A8E233iwory: с 08
[2023-05-16 23:09:48] #000000bomj.jpeg -> !~grill.#F3A8E233iwory: пнг сказал кайф
[2023-05-16 23:10:10] #000000bomj.jpeg -> !~grill.#F3A8E233iwory: ты че прямо ехать не можешь
[2023-05-16 23:11:19] #000000bomj.jpeg -> !~grill.#F3A8E233iwory: дай
[2023-05-16 23:11:19] #000000bomj.jpeg -> !~grill.#F3A8E233iwory: дай
[2023-05-16 23:11:48] #000000bomj.jpeg -> !~grill.#F3A8E233iwory: дай сюда сынок
[2023-05-16 23:12:51] #000000bomj.jpeg -> !~grill.#F3A8E233iwory: хороший бункер
[2023-05-16 23:12:57] #000000bomj.jpeg -> !~grill.#F3A8E233iwory: 5 процентов китай
[2023-05-16 23:14:33] #000000bomj.jpeg -> !~grill.#F3A8E233iwory: ебать якорь
[2023-05-16 23:15:33] #000000bomj.jpeg -> !~grill.#F3A8E233iwory: не эта 
[2023-05-16 23:15:37] #000000bomj.jpeg -> !~grill.#F3A8E233iwory: которая с вивы
[2023-05-16 23:15:38] #000000bomj.jpeg -> !~grill.#F3A8E233iwory: на пп
[2023-05-16 23:18:50] #000000bomj.jpeg -> !~grill.#F3A8E233iwory: бля не едет
[2023-05-16 23:19:00] #000000bomj.jpeg -> !~grill.#F3A8E233iwory: на этой настройке она не рулится
[2023-05-16 23:20:54] #000000bomj.jpeg -> !~grill.#F3A8E233iwory: да хуй знает я не так часто катаюсь
[2023-05-16 23:20:59] #000000bomj.jpeg -> !~grill.#F3A8E233iwory: я по сралли больше
[2023-05-16 23:22:05] #000000bomj.jpeg -> !~grill.#F3A8E233iwory: а для сралли у меня не сохранилось настроек
[2023-05-16 23:22:10] #000000bomj.jpeg -> !~grill.#F3A8E233iwory: надо у пнг спросить
[2023-05-16 23:23:33] #000000bomj.jpeg -> !~grill.#F3A8E233iwory: вот разбанят если меня 
[2023-05-16 23:23:34] #000000bomj.jpeg -> !~grill.#F3A8E233iwory: зайду
[2023-05-16 23:23:55] #000000bomj.jpeg -> !~grill.#F3A8E233iwory: посмотрим 
[2023-05-16 23:24:02] #000000bomj.jpeg -> !~grill.#F3A8E233iwory: мне на сфск на жигах настра нравилась
[2023-05-16 23:24:04] #000000bomj.jpeg -> !~grill.#F3A8E233iwory: такая тугая
[2023-05-17 23:51:57] lixter00 -> #696969~Dunya: имеешь кайф по дс поиграть?
[2023-05-18 14:04:07] 2poi~bavarBlackSide -> bavar!klad228: маму ебал
[2023-05-18 19:29:51] bavar~rcng!debosh<3 -> bavar!klad228: dddd
[2023-05-19 16:47:55] lixter00 -> #FFFF00kotyatkinn: не хочешь в дс пойти?))
[2023-05-19 17:18:06] #FFFF00kotyatkinn -> lixter00: не могу
[2023-05-22 23:45:11] bavar~#000000kaliga! -> 7.62|kao|SmokingDevilz: повторим ночь?)
[2023-05-22 23:45:28] 7.62|kao|SmokingDevilz -> bavar~#000000kaliga!: я пока занят братуха
[2023-05-22 23:45:42] bavar~#000000kaliga! -> 7.62|kao|SmokingDevilz: ладно
[2023-05-22 23:46:08] bavar~#000000kaliga! -> skimask: повторим ночку?)
[2023-05-22 23:46:18] bavar~#000000kaliga! -> skimask: да ебаный врот
[2023-05-22 23:46:19] bavar~#000000kaliga! -> skimask: не тебе
[2023-05-22 23:46:38] bavar~#000000kaliga! -> trc.suthe#ffccccbgtwta: повторим ночь?)
[2023-05-22 23:47:53] trc.suthe#ffccccbgtwta -> bavar~#000000kaliga!: -
[2023-05-22 23:48:14] trc.suthe#ffccccbgtwta -> bavar~#000000kaliga!: если мы повторим, то меня с админов выгонят нахуй
[2023-05-22 23:48:30] bavar~#000000kaliga! -> trc.suthe#ffccccbgtwta: так когда димы не будет на серваке
[2023-05-22 23:48:54] trc.suthe#ffccccbgtwta -> bavar~#000000kaliga!: я спать скоро
[2023-05-22 23:49:03] bavar~#000000kaliga! -> trc.suthe#ffccccbgtwta: а ну ладно
[2023-05-24 10:51:32] binco$ -> bavar!#746686escape: ?
[2023-05-24 11:09:17] bavar!#746686escape -> binco$: есть машина без винила?
[2023-05-24 11:09:39] bavar!#746686escape -> binco$: без винила но красивая
[2023-05-24 11:15:31] bavar!#746686escape -> 7.62|kao|SmokingDevilz: привет
[2023-05-24 11:15:50] bavar!#746686escape -> 7.62|kao|SmokingDevilz: поможешь я скрины хочу сделать и что бы клад попробывал чтонибудь с ними сделать
[2023-05-24 11:16:57] bavar!#746686escape -> binco$: бинкос
[2023-05-24 11:16:58] bavar!#746686escape -> binco$: ау
[2023-05-24 11:17:01] binco$ -> bavar!#746686escape: а
[2023-05-24 11:17:06] bavar!#746686escape -> binco$: есть тачки крутые без винила
[2023-05-24 11:17:13] bavar!#746686escape -> binco$: хочу сделать скрины
[2023-05-24 11:17:23] binco$ -> bavar!#746686escape: не знаю щас
[2023-05-24 11:17:34] binco$ -> bavar!#746686escape: только бравура
[2023-05-24 11:17:43] bavar!#746686escape -> 7.62|kao|SmokingDevilz: на подобии как у меня
[2023-05-24 11:18:06] bavar!#746686escape -> binco$: не спортивки а как у меня напримере
[2023-05-24 11:18:14] binco$ -> bavar!#746686escape: неа
[2023-05-24 11:18:35] bavar!#746686escape -> binco$: пон
[2023-05-24 11:21:09] bavar!#746686escape -> binco$: подьедь ко мне я скрин сделаю
[2023-05-24 11:21:14] bavar!#746686escape -> binco$: для себя возможно
[2023-05-24 11:22:01] bavar!#746686escape -> binco$: дай руль
[2023-05-24 11:23:48] bavar!#746686escape -> binco$: все
[2023-05-24 11:23:54] bavar!#746686escape -> binco$: я кладу вышлю
[2023-05-25 22:03:30] !2poibavar~ShashkiSpb -> 4sv-#000000KappaXgoD: кто
[2023-05-25 22:06:38] 4sv-#000000KappaXgoD -> 4sv~#CC0066inno4kaaa:  
[2023-05-25 22:06:39] 4sv-#000000KappaXgoD -> 4sv~#CC0066inno4kaaa:  
[2023-05-25 22:06:40] 4sv-#000000KappaXgoD -> 4sv~#CC0066inno4kaaa:  
[2023-05-25 22:06:40] 4sv-#000000KappaXgoD -> 4sv~#CC0066inno4kaaa:  
[2023-05-25 22:06:40] 4sv~#CC0066inno4kaaa -> 4sv-#000000KappaXgoD:  
[2023-05-25 22:06:41] 4sv~#CC0066inno4kaaa -> 4sv-#000000KappaXgoD:  
[2023-05-25 22:06:49] 4sv-#000000KappaXgoD -> 4sv~#CC0066inno4kaaa: всё я устал
[2023-05-25 22:06:52] 4sv~#CC0066inno4kaaa -> 4sv-#000000KappaXgoD: ахаха
[2023-05-25 22:06:54] 4sv-#000000KappaXgoD -> 4sv~#CC0066inno4kaaa: меня замуутят?
[2023-05-25 22:06:55] 4sv~#CC0066inno4kaaa -> 4sv-#000000KappaXgoD: пишет мне дд
[2023-05-25 22:07:00] 4sv~#CC0066inno4kaaa -> 4sv-#000000KappaXgoD: невывезет же
[2023-05-25 22:07:03] 4sv-#000000KappaXgoD -> 4sv~#CC0066inno4kaaa: хз
[2023-05-25 22:07:08] 4sv-#000000KappaXgoD -> 4sv~#CC0066inno4kaaa: не вывезет
[2023-05-25 22:07:11] 4sv~#CC0066inno4kaaa -> 4sv-#000000KappaXgoD: я видела как он нелег ехал
[2023-05-25 22:07:15] 4sv~#CC0066inno4kaaa -> 4sv-#000000KappaXgoD: он ныл со спота
[2023-05-25 22:07:17] 4sv-#000000KappaXgoD -> 4sv~#CC0066inno4kaaa: аахаха кринге он
[2023-05-25 22:07:18] 4sv~#CC0066inno4kaaa -> 4sv-#000000KappaXgoD: роума
[2023-05-25 22:15:34] 4sv-#000000KappaXgoD -> 4sv~#CC0066inno4kaaa: хахах
[2023-05-25 22:15:38] 4sv-#000000KappaXgoD -> 4sv~#CC0066inno4kaaa: всё
[2023-05-25 22:15:47] 4sv~#CC0066inno4kaaa -> 4sv-#000000KappaXgoD: смешной
[2023-05-25 22:16:00] 4sv-#000000KappaXgoD -> 4sv~#CC0066inno4kaaa: он написал каппа извини
[2023-05-25 22:16:03] 4sv~#CC0066inno4kaaa -> 4sv-#000000KappaXgoD: ахпхапхзпаз
[2023-05-25 22:16:03] 4sv-#000000KappaXgoD -> 4sv~#CC0066inno4kaaa: я заскринил
[2023-05-25 22:16:16] 4sv-#000000KappaXgoD -> 4sv~#CC0066inno4kaaa: тут мутят зай?
[2023-05-25 22:16:54] 4sv-#000000KappaXgoD -> 4sv~#CC0066inno4kaaa: что там
[2023-05-25 22:16:56] 4sv-#000000KappaXgoD -> 4sv~#CC0066inno4kaaa: якрь?
[2023-05-25 22:17:06] 4sv~#CC0066inno4kaaa -> 4sv-#000000KappaXgoD: не
[2023-05-25 22:17:09] 4sv~#CC0066inno4kaaa -> 4sv-#000000KappaXgoD: я дура
[2023-05-25 22:17:13] 4sv~#CC0066inno4kaaa -> 4sv-#000000KappaXgoD: ща легию возьму
[2023-05-25 22:18:53] 4sv-#000000KappaXgoD -> 4sv~#CC0066inno4kaaa: блят
[2023-05-25 22:18:56] 4sv-#000000KappaXgoD -> 4sv~#CC0066inno4kaaa: убился
[2023-05-25 22:19:08] 4sv~#CC0066inno4kaaa -> 4sv-#000000KappaXgoD: прости
[2023-05-25 22:21:06] 4sv-#000000KappaXgoD -> 4sv~#CC0066inno4kaaa: бля крутая настра
[2023-05-25 22:21:08] 4sv-#000000KappaXgoD -> 4sv~#CC0066inno4kaaa: попробуй
[2023-05-25 22:21:31] 4sv~#CC0066inno4kaaa -> 4sv-#000000KappaXgoD: открой
[2023-05-25 22:21:47] 4sv-#000000KappaXgoD -> 4sv~#CC0066inno4kaaa: как
[2023-05-25 22:21:49] 4sv-#000000KappaXgoD -> 4sv~#CC0066inno4kaaa: альт?
[2023-05-25 22:22:01] 4sv~#CC0066inno4kaaa -> 4sv-#000000KappaXgoD: ф2
[2023-05-25 22:23:24] 4sv-#000000KappaXgoD -> 4sv~#CC0066inno4kaaa: аааа я не могу на твоей ехааатии
[2023-05-25 22:23:29] 4sv~#CC0066inno4kaaa -> 4sv-#000000KappaXgoD: поч ахахва
[2023-05-25 22:24:09] 4sv-#000000KappaXgoD -> 4sv~#CC0066inno4kaaa: лёгка
[2023-05-25 22:24:10] 4sv-#000000KappaXgoD -> 4sv~#CC0066inno4kaaa: я
[2023-05-25 22:24:17] 4sv~#CC0066inno4kaaa -> 4sv-#000000KappaXgoD: хаха
[2023-05-25 22:24:18] 4sv~#CC0066inno4kaaa -> 4sv-#000000KappaXgoD: хз
[2023-05-25 22:24:38] 4sv-#000000KappaXgoD -> 4sv~#CC0066inno4kaaa: я спать наверна
[2023-05-25 22:24:42] 4sv~#CC0066inno4kaaa -> 4sv-#000000KappaXgoD: уже?
[2023-05-25 22:24:47] 4sv-#000000KappaXgoD -> 4sv~#CC0066inno4kaaa: практика же зай
[2023-05-25 22:24:50] 4sv~#CC0066inno4kaaa -> 4sv-#000000KappaXgoD: аа
[2023-05-25 22:24:52] 4sv~#CC0066inno4kaaa -> 4sv-#000000KappaXgoD: ну хорошо
[2023-05-25 22:25:01] 4sv-#000000KappaXgoD -> 4sv~#CC0066inno4kaaa: в вк напишу
[2023-05-25 22:25:04] 4sv~#CC0066inno4kaaa -> 4sv-#000000KappaXgoD: хорошо
[2023-05-25 22:25:06] 4sv-#000000KappaXgoD -> 4sv~#CC0066inno4kaaa: как улягусь
[2023-05-25 22:25:18] 4sv~#CC0066inno4kaaa -> 4sv-#000000KappaXgoD: оки
[2023-05-25 22:25:23] 4sv~#CC0066inno4kaaa -> 4sv-#000000KappaXgoD: буду ждать
